'AVA-AVD.SpeakerDiarization.data' found in /scratch/map22-share/pyav/database.yml does not define the 'scope' of speaker labels (file, database, or global). Setting it to 'file'.
'AVA-AVD.SpeakerDiarization.data' found in /scratch/map22-share/pyav/database.yml does not define the 'scope' of speaker labels (file, database, or global). Setting it to 'file'.
1j20qq1JyX4_c_01
1j20qq1JyX4_c_02
1j20qq1JyX4_c_03
2qQs3Y9OJX0_c_01
2qQs3Y9OJX0_c_02
2qQs3Y9OJX0_c_03
4ZpjKfu6Cl8_c_01
4ZpjKfu6Cl8_c_02
4ZpjKfu6Cl8_c_03
5milLu-6bWI_c_01
5milLu-6bWI_c_02
5milLu-6bWI_c_03
7YpF6DntOYw_c_01
7YpF6DntOYw_c_02
7YpF6DntOYw_c_03
BCiuXAuCKAU_c_01
BCiuXAuCKAU_c_02
BCiuXAuCKAU_c_03
HKjR70GCRPE_c_01
HKjR70GCRPE_c_02
HKjR70GCRPE_c_03
IKdBLciu_-A_c_01
IKdBLciu_-A_c_02
IKdBLciu_-A_c_03
KHHgQ_Pe4cI_c_01
KHHgQ_Pe4cI_c_02
KHHgQ_Pe4cI_c_03
PmElx9ZVByw_c_01
PmElx9ZVByw_c_02
PmElx9ZVByw_c_03
a5mEmM6w_ks_c_01
a5mEmM6w_ks_c_02
a5mEmM6w_ks_c_03
kMy-6RtoOVU_c_01
kMy-6RtoOVU_c_02
kMy-6RtoOVU_c_03
qrkff49p4E4_c_01
qrkff49p4E4_c_02
qrkff49p4E4_c_03
zC5Fh2tTS1U_c_01
zC5Fh2tTS1U_c_02
zC5Fh2tTS1U_c_03
zR725veL-DI_c_01
zR725veL-DI_c_02
zR725veL-DI_c_03
IzvOYVMltkI_c_01
IzvOYVMltkI_c_02
IzvOYVMltkI_c_03
UrsCy6qIGoo_c_01
UrsCy6qIGoo_c_02
UrsCy6qIGoo_c_03
yn9WN9lsHRE_c_01
yn9WN9lsHRE_c_02
yn9WN9lsHRE_c_03
                 diarization error rate   total correct correct false alarm false alarm missed detection missed detection confusion confusion
                                      %                       %                       %                                 %                   %
item                                                                                                                                         
1j20qq1JyX4_c_01                  63.20  155.05   72.42   46.71       15.37        9.91            37.06            23.90     45.57     29.39
1j20qq1JyX4_c_02                  75.01  227.81   75.62   33.19       18.69        8.20            58.96            25.88     93.23     40.92
1j20qq1JyX4_c_03                  50.26  197.26  120.88   61.28       22.76       11.54            54.34            27.55     22.04     11.17
2qQs3Y9OJX0_c_01                  67.62   89.26   55.30   61.96       26.40       29.58             2.60             2.91     31.36     35.13
2qQs3Y9OJX0_c_02                  66.59  116.06   64.62   55.68       25.84       22.27             2.16             1.86     49.28     42.46
2qQs3Y9OJX0_c_03                  44.29  147.43  108.68   73.72       26.55       18.01             7.74             5.25     31.00     21.03
4ZpjKfu6Cl8_c_01                  81.31  141.59   52.59   37.14       26.12       18.45            43.64            30.82     45.37     32.04
4ZpjKfu6Cl8_c_02                  58.54  154.92   93.62   60.43       29.40       18.98            13.10             8.46     48.19     31.11
4ZpjKfu6Cl8_c_03                  63.46  112.29   65.09   57.96       24.06       21.42             3.98             3.54     43.22     38.49
5milLu-6bWI_c_01                  37.94  174.41  120.41   69.04       12.16        6.97            23.23            13.32     30.78     17.65
5milLu-6bWI_c_02                  39.57  217.06  150.97   69.55       19.81        9.13            28.29            13.03     37.79     17.41
5milLu-6bWI_c_03                  43.03  221.49  162.43   73.33       36.25       16.36            15.62             7.05     43.45     19.62
7YpF6DntOYw_c_01                  68.13  132.86   54.44   40.98       12.10        9.10            43.98            33.10     34.44     25.92
7YpF6DntOYw_c_02                  64.67   54.12   22.70   41.94        3.58        6.61            11.83            21.86     19.59     36.20
7YpF6DntOYw_c_03                  34.20   66.24   48.20   72.78        4.62        6.97             3.94             5.96     14.09     21.27
BCiuXAuCKAU_c_01                  73.05  206.56   63.48   30.73        7.81        3.78            92.87            44.96     50.21     24.31
BCiuXAuCKAU_c_02                  44.84  154.10  101.36   65.77       16.35       10.61            25.37            16.46     27.38     17.77
BCiuXAuCKAU_c_03                  48.76  207.37  113.57   54.77        7.32        3.53            84.85            40.92      8.94      4.31
HKjR70GCRPE_c_01                  45.98  146.56  106.65   72.77       27.49       18.76             7.96             5.43     31.95     21.80
HKjR70GCRPE_c_02                  56.55  145.10   98.01   67.54       34.96       24.09             8.16             5.62     38.94     26.83
HKjR70GCRPE_c_03                  53.69  165.78   93.98   56.69       17.21       10.38             9.31             5.62     62.49     37.70
IKdBLciu_-A_c_01                  47.91  127.60   87.11   68.27       20.65       16.19             7.58             5.94     32.90     25.79
IKdBLciu_-A_c_02                  79.06   95.71   32.46   33.91       12.41       12.97            30.04            31.39     33.21     34.70
IKdBLciu_-A_c_03                  72.65   98.63   35.53   36.03        8.55        8.67            39.23            39.77     23.87     24.20
KHHgQ_Pe4cI_c_01                  59.18  180.62   82.03   45.42        8.29        4.59            85.96            47.59     12.63      6.99
KHHgQ_Pe4cI_c_02                  69.41  119.56   44.64   37.34        8.07        6.75            45.52            38.08     29.39     24.58
KHHgQ_Pe4cI_c_03                  68.77  156.28   58.91   37.69       10.10        6.47            62.06            39.71     35.31     22.59
PmElx9ZVByw_c_01                  36.49  142.53  108.82   76.34       18.29       12.83            10.67             7.49     23.05     16.17
PmElx9ZVByw_c_02                  12.23  147.22  135.01   91.70        5.79        3.93            10.94             7.43      1.28      0.87
PmElx9ZVByw_c_03                  28.69  120.01   92.79   77.32        7.21        6.01             9.26             7.72     17.96     14.96
a5mEmM6w_ks_c_01                  28.64  235.73  191.79   81.36       23.56       10.00            15.21             6.45     28.73     12.19
a5mEmM6w_ks_c_02                  20.44  185.80  164.19   88.37       16.37        8.81             4.90             2.64     16.71      8.99
a5mEmM6w_ks_c_03                  24.31  130.15  109.19   83.89       10.67        8.20             8.43             6.47     12.54      9.64
kMy-6RtoOVU_c_01                  65.57  185.77   81.00   43.60       17.04        9.17            49.00            26.37     55.78     30.02
kMy-6RtoOVU_c_02                  64.36  121.57   74.76   61.49       31.43       25.86            16.15            13.28     30.66     25.22
kMy-6RtoOVU_c_03                  79.52  111.45   44.16   39.63       21.34       19.15            14.43            12.95     52.86     47.43
qrkff49p4E4_c_01                  24.20  147.36  116.11   78.79        4.42        3.00            15.29            10.37     15.96     10.83
qrkff49p4E4_c_02                  11.00  139.38  129.76   93.09        5.71        4.09             8.18             5.87      1.44      1.04
qrkff49p4E4_c_03                  24.58  160.17  130.68   81.59        9.88        6.17            11.92             7.44     17.58     10.97
zC5Fh2tTS1U_c_01                  44.53  193.38  131.00   67.74       23.72       12.27            22.49            11.63     39.89     20.63
zC5Fh2tTS1U_c_02                  68.06  172.54   83.96   48.66       28.85       16.72            17.66            10.23     70.92     41.10
zC5Fh2tTS1U_c_03                  70.83  240.12  105.64   44.00       35.60       14.82            65.12            27.12     69.36     28.89
zR725veL-DI_c_01                  28.44  190.05  146.41   77.04       10.41        5.48            29.08            15.30     14.56      7.66
zR725veL-DI_c_02                  28.69  215.43  167.65   77.82       14.02        6.51            29.61            13.75     18.16      8.43
zR725veL-DI_c_03                  32.17  199.67  147.95   74.09       12.51        6.27            32.67            16.36     19.06      9.54
IzvOYVMltkI_c_01                  29.28  156.71  126.52   80.73       15.69       10.01             7.72             4.93     22.47     14.34
IzvOYVMltkI_c_02                  55.49  191.14  113.64   59.45       28.57       14.95            10.19             5.33     67.31     35.22
IzvOYVMltkI_c_03                  28.35  172.52  153.17   88.78       29.55       17.13             2.71             1.57     16.65      9.65
UrsCy6qIGoo_c_01                  27.92  122.69   94.61   77.11        6.17        5.03             7.92             6.45     20.16     16.43
UrsCy6qIGoo_c_02                  50.98  125.06   69.85   55.85        8.54        6.83             9.78             7.82     45.44     36.33
UrsCy6qIGoo_c_03                  37.63  197.16  132.87   67.39        9.90        5.02            11.56             5.87     52.73     26.74
yn9WN9lsHRE_c_01                  42.14  188.10  122.96   65.37       14.13        7.51            30.70            16.32     34.45     18.31
yn9WN9lsHRE_c_02                  43.71  156.18   95.40   61.08        7.48        4.79            52.64            33.70      8.14      5.21
yn9WN9lsHRE_c_03                  58.53  196.37  103.34   52.62       21.90       11.15            19.32             9.84     73.71     37.54
TOTAL                             48.14 8556.01 5358.91   62.63      921.70       10.77          1372.93            16.05   1824.17     21.32
'AVA-AVD.SpeakerDiarization.data' found in /scratch/map22-share/pyav/database.yml does not define the 'scope' of speaker labels (file, database, or global). Setting it to 'file'.
'AVA-AVD.SpeakerDiarization.data' found in /scratch/map22-share/pyav/database.yml does not define the 'scope' of speaker labels (file, database, or global). Setting it to 'file'.
***************ORIGINAL MODEL****************
***************MODIFIED MODEL****************
Protocol AVA-AVD.SpeakerDiarization.data does not precompute the output of torchaudio.info(): adding a 'torchaudio.info' preprocessor for you to speed up dataloaders. See pyannote.database documentation on how to do that yourself.
┏━━━┳━━━━━━━━━━━━━━━━━━━┳━━━━━━━━━━━━┳━━━━━━━━┳━━━━━━━┳━━━━━━━━━━━━┳━━━━━━━━━━━┓
┃   ┃ Name              ┃ Type       ┃ Params ┃ Mode  ┃   In sizes ┃ Out sizes ┃
┡━━━╇━━━━━━━━━━━━━━━━━━━╇━━━━━━━━━━━━╇━━━━━━━━╇━━━━━━━╇━━━━━━━━━━━━╇━━━━━━━━━━━┩
│ 0 │ sincnet           │ SincNet    │ 42.6 K │ train │     [1, 1, │   [1, 60, │
│   │                   │            │        │       │    160000] │      589] │
│ 1 │ lstm              │ LSTM       │  1.4 M │ train │   [1, 589, │ [[1, 589, │
│   │                   │            │        │       │        60] │     256], │
│   │                   │            │        │       │            │   [[8, 1, │
│   │                   │            │        │       │            │ 128], [8, │
│   │                   │            │        │       │            │ 1, 128]]] │
│ 2 │ linear            │ ModuleList │ 49.4 K │ train │          ? │         ? │
│ 3 │ classifier        │ Linear     │    903 │ train │   [1, 589, │  [1, 589, │
│   │                   │            │        │       │       128] │        7] │
│ 4 │ activation        │ LogSoftmax │      0 │ train │   [1, 589, │  [1, 589, │
│   │                   │            │        │       │         7] │        7] │
│ 5 │ second_input      │ Sequential │ 65.2 K │ train │   [1, 300, │  [1, 300, │
│   │                   │            │        │       │      1024] │       60] │
│ 6 │ merge             │ Sequential │  7.3 K │ train │   [1, 589, │  [1, 589, │
│   │                   │            │        │       │       120] │       60] │
│ 7 │ powerset          │ Powerset   │      0 │ train │          ? │         ? │
│ 8 │ validation_metric │ MetricCol… │      0 │ train │          ? │         ? │
└───┴───────────────────┴────────────┴────────┴───────┴────────────┴───────────┘
Trainable params: 1.5 M                                                         
Non-trainable params: 0                                                         
Total params: 1.5 M                                                             
Total estimated model params size (MB): 6                                       
Modules in train mode: 35                                                       
Modules in eval mode: 0                                                         
Epoch 21/49 ━━━━━━━━━━━━━━━━ 218/218 0:01:52 •        2.04it/s v_num: c834      
                                     0:00:00                   DiarizationError…
                                                               0.374            
                                                               DiarizationError…
                                                               0.091            
                                                               DiarizationError…
                                                               0.086            
                                                               DiarizationError…
                                                               0.197            
1j20qq1JyX4_c_01
1j20qq1JyX4_c_02
1j20qq1JyX4_c_03
2qQs3Y9OJX0_c_01
2qQs3Y9OJX0_c_02
2qQs3Y9OJX0_c_03
4ZpjKfu6Cl8_c_01
4ZpjKfu6Cl8_c_02
4ZpjKfu6Cl8_c_03
5milLu-6bWI_c_01
5milLu-6bWI_c_02
5milLu-6bWI_c_03
7YpF6DntOYw_c_01
7YpF6DntOYw_c_02
7YpF6DntOYw_c_03
BCiuXAuCKAU_c_01
BCiuXAuCKAU_c_02
BCiuXAuCKAU_c_03
HKjR70GCRPE_c_01
HKjR70GCRPE_c_02
HKjR70GCRPE_c_03
IKdBLciu_-A_c_01
IKdBLciu_-A_c_02
IKdBLciu_-A_c_03
KHHgQ_Pe4cI_c_01
KHHgQ_Pe4cI_c_02
KHHgQ_Pe4cI_c_03
PmElx9ZVByw_c_01
PmElx9ZVByw_c_02
PmElx9ZVByw_c_03
a5mEmM6w_ks_c_01
a5mEmM6w_ks_c_02
a5mEmM6w_ks_c_03
kMy-6RtoOVU_c_01
kMy-6RtoOVU_c_02
kMy-6RtoOVU_c_03
qrkff49p4E4_c_01
qrkff49p4E4_c_02
qrkff49p4E4_c_03
zC5Fh2tTS1U_c_01
zC5Fh2tTS1U_c_02
zC5Fh2tTS1U_c_03
zR725veL-DI_c_01
zR725veL-DI_c_02
zR725veL-DI_c_03
IzvOYVMltkI_c_01
IzvOYVMltkI_c_02
IzvOYVMltkI_c_03
UrsCy6qIGoo_c_01
UrsCy6qIGoo_c_02
UrsCy6qIGoo_c_03
yn9WN9lsHRE_c_01
yn9WN9lsHRE_c_02
yn9WN9lsHRE_c_03
                 diarization error rate   total correct correct false alarm false alarm missed detection missed detection confusion confusion
                                      %                       %                       %                                 %                   %
item                                                                                                                                         
1j20qq1JyX4_c_01                  60.89  155.05   72.70   46.89       12.06        7.78            38.61            24.90     43.75     28.21
1j20qq1JyX4_c_02                  71.23  227.81   79.58   34.93       14.03        6.16            60.68            26.64     87.55     38.43
1j20qq1JyX4_c_03                  49.06  197.26  117.62   59.63       17.12        8.68            55.71            28.24     23.93     12.13
2qQs3Y9OJX0_c_01                  72.86   89.26   43.90   49.19       19.68       22.05             3.72             4.17     41.64     46.65
2qQs3Y9OJX0_c_02                  58.00  116.06   67.36   58.04       18.62       16.04             3.56             3.07     45.14     38.89
2qQs3Y9OJX0_c_03                  36.35  147.43  116.05   78.71       22.21       15.06             6.89             4.67     24.49     16.61
4ZpjKfu6Cl8_c_01                  81.84  141.59   40.27   28.44       14.55       10.27            50.25            35.49     51.08     36.07
4ZpjKfu6Cl8_c_02                  55.76  154.92   89.36   57.68       20.83       13.45            17.73            11.44     47.83     30.87
4ZpjKfu6Cl8_c_03                  58.58  112.29   65.65   58.46       19.13       17.04             4.46             3.97     42.18     37.56
5milLu-6bWI_c_01                  35.32  174.41  117.10   67.14        4.29        2.46            34.05            19.52     23.26     13.34
5milLu-6bWI_c_02                  35.10  217.06  149.90   69.06        9.03        4.16            30.86            14.22     36.30     16.72
5milLu-6bWI_c_03                  39.55  221.49  153.23   69.18       19.33        8.73            18.83             8.50     49.42     22.31
7YpF6DntOYw_c_01                  71.31  132.86   49.12   36.97       11.01        8.28            41.96            31.58     41.78     31.44
7YpF6DntOYw_c_02                  57.44   54.12   26.58   49.12        3.55        6.56            10.01            18.50     17.52     32.38
7YpF6DntOYw_c_03                  29.62   66.24   50.33   75.98        3.71        5.60             4.37             6.60     11.54     17.42
BCiuXAuCKAU_c_01                  74.30  206.56   59.65   28.88        6.57        3.18           100.05            48.44     46.86     22.68
BCiuXAuCKAU_c_02                  38.21  154.10  104.67   67.92        9.45        6.13            26.95            17.49     22.48     14.59
BCiuXAuCKAU_c_03                  53.34  207.37  102.94   49.64        6.18        2.98            86.51            41.72     17.91      8.64
HKjR70GCRPE_c_01                  36.52  146.56  107.82   73.57       14.77       10.08            10.66             7.27     28.09     19.16
HKjR70GCRPE_c_02                  52.93  145.10   82.72   57.01       14.42        9.94            13.03             8.98     49.35     34.01
HKjR70GCRPE_c_03                  53.60  165.78   89.03   53.71       12.12        7.31             9.53             5.75     67.21     40.54
IKdBLciu_-A_c_01                  40.63  127.60   84.48   66.21        8.73        6.84             8.99             7.05     34.12     26.74
IKdBLciu_-A_c_02                  81.81   95.71   25.24   26.37        7.84        8.19            32.30            33.75     38.17     39.88
IKdBLciu_-A_c_03                  72.24   98.63   35.62   36.11        8.23        8.35            38.12            38.64     24.90     25.24
KHHgQ_Pe4cI_c_01                  55.31  180.62   85.96   47.59        5.24        2.90            87.61            48.51      7.05      3.90
KHHgQ_Pe4cI_c_02                  66.73  119.56   45.45   38.02        5.67        4.74            47.15            39.43     26.96     22.55
KHHgQ_Pe4cI_c_03                  69.38  156.28   56.04   35.86        8.18        5.23            59.88            38.32     40.36     25.83
PmElx9ZVByw_c_01                  31.84  142.53  105.61   74.10        8.47        5.94            15.12            10.61     21.80     15.29
PmElx9ZVByw_c_02                  12.18  147.22  135.41   91.98        6.13        4.16            10.48             7.12      1.33      0.90
PmElx9ZVByw_c_03                  21.17  120.01  100.35   83.62        5.74        4.79            10.21             8.51      9.45      7.87
a5mEmM6w_ks_c_01                  22.25  235.73  193.62   82.14       10.35        4.39            20.51             8.70     21.60      9.16
a5mEmM6w_ks_c_02                  16.43  185.80  165.09   88.85        9.82        5.28             6.18             3.33     14.54      7.82
a5mEmM6w_ks_c_03                  21.93  130.15  107.54   82.63        5.92        4.55             9.58             7.36     13.03     10.01
kMy-6RtoOVU_c_01                  61.98  185.77   82.17   44.23       11.54        6.21            51.45            27.69     52.16     28.08
kMy-6RtoOVU_c_02                  64.55  121.57   62.26   51.21       19.16       15.76            20.10            16.53     39.21     32.25
kMy-6RtoOVU_c_03                  58.68  111.45   62.92   56.46       16.87       15.14            13.66            12.25     34.87     31.29
qrkff49p4E4_c_01                  24.63  147.36  115.61   78.46        4.56        3.09            16.32            11.08     15.42     10.46
qrkff49p4E4_c_02                  11.51  139.38  128.72   92.35        5.37        3.85             9.18             6.59      1.49      1.07
qrkff49p4E4_c_03                  24.42  160.17  129.19   80.66        8.13        5.08            13.21             8.25     17.77     11.10
zC5Fh2tTS1U_c_01                  49.89  193.38  114.70   59.31       17.79        9.20            23.14            11.96     55.55     28.72
zC5Fh2tTS1U_c_02                  70.12  172.54   67.93   39.37       16.38        9.49            20.78            12.04     83.83     48.59
zC5Fh2tTS1U_c_03                  59.73  240.12  117.10   48.77       20.41        8.50            84.58            35.22     38.45     16.01
zR725veL-DI_c_01                  23.57  190.05  150.53   79.20        5.27        2.78            32.52            17.11      7.01      3.69
zR725veL-DI_c_02                  28.12  215.43  162.36   75.37        7.52        3.49            33.15            15.39     19.91      9.24
zR725veL-DI_c_03                  29.38  199.67  148.31   74.28        7.31        3.66            32.92            16.49     18.44      9.24
IzvOYVMltkI_c_01                  25.03  156.71  128.16   81.78       10.67        6.81             9.75             6.22     18.80     11.99
IzvOYVMltkI_c_02                  53.60  191.14  114.61   59.96       25.93       13.57             9.66             5.05     66.86     34.98
IzvOYVMltkI_c_03                  29.76  172.52  136.43   79.08       15.26        8.84             4.87             2.83     31.22     18.09
UrsCy6qIGoo_c_01                  26.27  122.69   95.07   77.49        4.61        3.76             8.30             6.77     19.32     15.74
UrsCy6qIGoo_c_02                  55.10  125.06   63.10   50.45        6.94        5.55            11.01             8.80     50.95     40.74
UrsCy6qIGoo_c_03                  36.32  197.16  132.96   67.44        7.42        3.76            12.54             6.36     51.66     26.20
yn9WN9lsHRE_c_01                  40.42  188.10  120.39   64.00        8.33        4.43            35.32            18.78     32.39     17.22
yn9WN9lsHRE_c_02                  54.16  156.18   77.06   49.34        5.46        3.50            54.23            34.72     24.89     15.93
yn9WN9lsHRE_c_03                  65.58  196.37   81.05   41.27       13.46        6.85            22.96            11.69     92.37     47.04
TOTAL                             46.06 8556.01 5216.62   60.97      601.38        7.03          1494.22            17.46   1845.17     21.57
[1;34mwandb[0m: 🚀 View run [33mdihard_50e_lr1em4[0m at: [34mhttps://wandb.ai/pichenygroup/audioonly/runs/9efhc834[0m
[1;34mwandb[0m: Find logs at: [1;35mexperiments/wandb/run-20250121_101107-9efhc834/logs[0m
