/ext3/miniforge3/lib/python3.12/site-packages/pyannote/database/registry.py:502: UserWarning: Replacing existing AVA-AVD.SpeakerDiarization.data protocol by the one defined in '/scratch/map22-share/pyav/database.yml'.
  warnings.warn(
/ext3/miniforge3/lib/python3.12/site-packages/pyannote/audio/tasks/segmentation/speaker_diarization2.py:181: UserWarning: `loss` has been deprecated and has no effect.
  warnings.warn("`loss` has been deprecated and has no effect.")
GPU available: True (cuda), used: True
TPU available: False, using: 0 TPU cores
HPU available: False, using: 0 HPUs
You are using a CUDA device ('NVIDIA A100-SXM4-80GB') that has Tensor Cores. To properly utilize them, you should set `torch.set_float32_matmul_precision('medium' | 'high')` which will trade-off precision for performance. For more details, read https://pytorch.org/docs/stable/generated/torch.set_float32_matmul_precision.html#torch.set_float32_matmul_precision
Initializing distributed: GLOBAL_RANK: 0, MEMBER: 1/1
----------------------------------------------------------------------------------------------------
distributed_backend=nccl
All distributed processes registered. Starting with 1 processes
----------------------------------------------------------------------------------------------------

wandb: Using wandb-core as the SDK backend.  Please refer to https://wandb.me/wandb-core for more information.
wandb: Currently logged in as: picheny (pichenygroup). Use `wandb login --relogin` to force relogin
wandb: Tracking run with wandb version 0.19.1
wandb: Run data is saved locally in /scratch/map22-share/pyav/experiments/wandb/run-20250121_124331-o9u7qzh1
wandb: Run `wandb offline` to turn off syncing.
wandb: Syncing run model_1_dihard_50e_lr1em4
wandb: â­ï¸ View project at https://wandb.ai/pichenygroup/both
wandb: ðŸš€ View run at https://wandb.ai/pichenygroup/both/runs/o9u7qzh1
LOCAL_RANK: 0 - CUDA_VISIBLE_DEVICES: [0]
SLURM auto-requeueing enabled. Setting signal handlers.
/ext3/miniforge3/lib/python3.12/site-packages/pytorch_lightning/trainer/connectors/data_connector.py:424: The 'val_dataloader' does not have many workers which may be a bottleneck. Consider increasing the value of the `num_workers` argument` to `num_workers=15` in the `DataLoader` to improve performance.
/ext3/miniforge3/lib/python3.12/site-packages/pytorch_lightning/trainer/connectors/logger_connector/result.py:431: It is recommended to use `self.log('loss/val/segmentation', ..., sync_dist=True)` when logging on epoch level in distributed setting to accumulate the metric across devices.
/ext3/miniforge3/lib/python3.12/site-packages/pytorch_lightning/trainer/connectors/logger_connector/result.py:431: It is recommended to use `self.log('loss/val', ..., sync_dist=True)` when logging on epoch level in distributed setting to accumulate the metric across devices.
/ext3/miniforge3/lib/python3.12/site-packages/pytorch_lightning/trainer/connectors/data_connector.py:424: The 'train_dataloader' does not have many workers which may be a bottleneck. Consider increasing the value of the `num_workers` argument` to `num_workers=15` in the `DataLoader` to improve performance.
/ext3/miniforge3/lib/python3.12/site-packages/pytorch_lightning/utilities/data.py:122: Your `IterableDataset` has `__len__` defined. In combination with multi-process data loading (when num_workers > 1), `__len__` could be inaccurate if each worker is not configured independently to avoid having duplicate data.
/ext3/miniforge3/lib/python3.12/site-packages/torch_audiomentations/core/transforms_interface.py:225: UserWarning: target_rate is required by Identity. It has been automatically inferred from targets shape to 59. If this is incorrect, you can pass it directly.
  warnings.warn(
[rank0]:[W121 12:43:40.543557735 reducer.cpp:1400] Warning: find_unused_parameters=True was specified in DDP constructor, but did not find any unused parameters in the forward pass. This flag results in an extra traversal of the autograd graph every iteration,  which can adversely affect performance. If your model indeed never has any unused parameters in the forward pass, consider turning this flag off. Note that this warning may be a false positive if your model has flow control causing later iterations to have unused parameters. (function operator())
/ext3/miniforge3/lib/python3.12/site-packages/pytorch_lightning/trainer/connectors/logger_connector/result.py:431: It is recommended to use `self.log('loss/train/segmentation', ..., sync_dist=True)` when logging on epoch level in distributed setting to accumulate the metric across devices.
/ext3/miniforge3/lib/python3.12/site-packages/pytorch_lightning/trainer/connectors/logger_connector/result.py:431: It is recommended to use `self.log('loss/train', ..., sync_dist=True)` when logging on epoch level in distributed setting to accumulate the metric across devices.
Epoch 0, global step 218: 'DiarizationErrorRate' reached 0.54015 (best 0.54015), saving model to '/scratch/map22-share/pyav/experiments/both/model_1_dihard_50e_lr1em4/epoch=0.ckpt' as top 1
/ext3/miniforge3/lib/python3.12/site-packages/torch_audiomentations/core/transforms_interface.py:225: UserWarning: target_rate is required by Identity. It has been automatically inferred from targets shape to 59. If this is incorrect, you can pass it directly.
  warnings.warn(
Epoch 1, global step 436: 'DiarizationErrorRate' reached 0.50609 (best 0.50609), saving model to '/scratch/map22-share/pyav/experiments/both/model_1_dihard_50e_lr1em4/epoch=1.ckpt' as top 1
/ext3/miniforge3/lib/python3.12/site-packages/torch_audiomentations/core/transforms_interface.py:225: UserWarning: target_rate is required by Identity. It has been automatically inferred from targets shape to 59. If this is incorrect, you can pass it directly.
  warnings.warn(
Epoch 2, global step 654: 'DiarizationErrorRate' reached 0.47829 (best 0.47829), saving model to '/scratch/map22-share/pyav/experiments/both/model_1_dihard_50e_lr1em4/epoch=2.ckpt' as top 1
/ext3/miniforge3/lib/python3.12/site-packages/torch_audiomentations/core/transforms_interface.py:225: UserWarning: target_rate is required by Identity. It has been automatically inferred from targets shape to 59. If this is incorrect, you can pass it directly.
  warnings.warn(
Epoch 3, global step 872: 'DiarizationErrorRate' reached 0.47097 (best 0.47097), saving model to '/scratch/map22-share/pyav/experiments/both/model_1_dihard_50e_lr1em4/epoch=3.ckpt' as top 1
/ext3/miniforge3/lib/python3.12/site-packages/torch_audiomentations/core/transforms_interface.py:225: UserWarning: target_rate is required by Identity. It has been automatically inferred from targets shape to 59. If this is incorrect, you can pass it directly.
  warnings.warn(
Epoch 4, global step 1090: 'DiarizationErrorRate' reached 0.45831 (best 0.45831), saving model to '/scratch/map22-share/pyav/experiments/both/model_1_dihard_50e_lr1em4/epoch=4.ckpt' as top 1
/ext3/miniforge3/lib/python3.12/site-packages/torch_audiomentations/core/transforms_interface.py:225: UserWarning: target_rate is required by Identity. It has been automatically inferred from targets shape to 59. If this is incorrect, you can pass it directly.
  warnings.warn(
Epoch 5, global step 1308: 'DiarizationErrorRate' reached 0.44635 (best 0.44635), saving model to '/scratch/map22-share/pyav/experiments/both/model_1_dihard_50e_lr1em4/epoch=5.ckpt' as top 1
/ext3/miniforge3/lib/python3.12/site-packages/torch_audiomentations/core/transforms_interface.py:225: UserWarning: target_rate is required by Identity. It has been automatically inferred from targets shape to 59. If this is incorrect, you can pass it directly.
  warnings.warn(
Epoch 6, global step 1526: 'DiarizationErrorRate' reached 0.44400 (best 0.44400), saving model to '/scratch/map22-share/pyav/experiments/both/model_1_dihard_50e_lr1em4/epoch=6.ckpt' as top 1
/ext3/miniforge3/lib/python3.12/site-packages/torch_audiomentations/core/transforms_interface.py:225: UserWarning: target_rate is required by Identity. It has been automatically inferred from targets shape to 59. If this is incorrect, you can pass it directly.
  warnings.warn(
Epoch 7, global step 1744: 'DiarizationErrorRate' reached 0.43378 (best 0.43378), saving model to '/scratch/map22-share/pyav/experiments/both/model_1_dihard_50e_lr1em4/epoch=7.ckpt' as top 1
/ext3/miniforge3/lib/python3.12/site-packages/torch_audiomentations/core/transforms_interface.py:225: UserWarning: target_rate is required by Identity. It has been automatically inferred from targets shape to 59. If this is incorrect, you can pass it directly.
  warnings.warn(
Epoch 8, global step 1962: 'DiarizationErrorRate' reached 0.43107 (best 0.43107), saving model to '/scratch/map22-share/pyav/experiments/both/model_1_dihard_50e_lr1em4/epoch=8.ckpt' as top 1
/ext3/miniforge3/lib/python3.12/site-packages/torch_audiomentations/core/transforms_interface.py:225: UserWarning: target_rate is required by Identity. It has been automatically inferred from targets shape to 59. If this is incorrect, you can pass it directly.
  warnings.warn(
Epoch 9, global step 2180: 'DiarizationErrorRate' reached 0.42497 (best 0.42497), saving model to '/scratch/map22-share/pyav/experiments/both/model_1_dihard_50e_lr1em4/epoch=9.ckpt' as top 1
/ext3/miniforge3/lib/python3.12/site-packages/torch_audiomentations/core/transforms_interface.py:225: UserWarning: target_rate is required by Identity. It has been automatically inferred from targets shape to 59. If this is incorrect, you can pass it directly.
  warnings.warn(
Epoch 10, global step 2398: 'DiarizationErrorRate' reached 0.42463 (best 0.42463), saving model to '/scratch/map22-share/pyav/experiments/both/model_1_dihard_50e_lr1em4/epoch=10.ckpt' as top 1
/ext3/miniforge3/lib/python3.12/site-packages/torch_audiomentations/core/transforms_interface.py:225: UserWarning: target_rate is required by Identity. It has been automatically inferred from targets shape to 59. If this is incorrect, you can pass it directly.
  warnings.warn(
Epoch 11, global step 2616: 'DiarizationErrorRate' was not in top 1
/ext3/miniforge3/lib/python3.12/site-packages/torch_audiomentations/core/transforms_interface.py:225: UserWarning: target_rate is required by Identity. It has been automatically inferred from targets shape to 59. If this is incorrect, you can pass it directly.
  warnings.warn(
Epoch 12, global step 2834: 'DiarizationErrorRate' reached 0.41914 (best 0.41914), saving model to '/scratch/map22-share/pyav/experiments/both/model_1_dihard_50e_lr1em4/epoch=12.ckpt' as top 1
/ext3/miniforge3/lib/python3.12/site-packages/torch_audiomentations/core/transforms_interface.py:225: UserWarning: target_rate is required by Identity. It has been automatically inferred from targets shape to 59. If this is incorrect, you can pass it directly.
  warnings.warn(
Epoch 13, global step 3052: 'DiarizationErrorRate' was not in top 1
/ext3/miniforge3/lib/python3.12/site-packages/torch_audiomentations/core/transforms_interface.py:225: UserWarning: target_rate is required by Identity. It has been automatically inferred from targets shape to 59. If this is incorrect, you can pass it directly.
  warnings.warn(
Epoch 14, global step 3270: 'DiarizationErrorRate' reached 0.41043 (best 0.41043), saving model to '/scratch/map22-share/pyav/experiments/both/model_1_dihard_50e_lr1em4/epoch=14.ckpt' as top 1
/ext3/miniforge3/lib/python3.12/site-packages/torch_audiomentations/core/transforms_interface.py:225: UserWarning: target_rate is required by Identity. It has been automatically inferred from targets shape to 59. If this is incorrect, you can pass it directly.
  warnings.warn(
Epoch 15, global step 3488: 'DiarizationErrorRate' was not in top 1
/ext3/miniforge3/lib/python3.12/site-packages/torch_audiomentations/core/transforms_interface.py:225: UserWarning: target_rate is required by Identity. It has been automatically inferred from targets shape to 59. If this is incorrect, you can pass it directly.
  warnings.warn(
Epoch 16, global step 3706: 'DiarizationErrorRate' was not in top 1
/ext3/miniforge3/lib/python3.12/site-packages/torch_audiomentations/core/transforms_interface.py:225: UserWarning: target_rate is required by Identity. It has been automatically inferred from targets shape to 59. If this is incorrect, you can pass it directly.
  warnings.warn(
Epoch 17, global step 3924: 'DiarizationErrorRate' was not in top 1
/ext3/miniforge3/lib/python3.12/site-packages/torch_audiomentations/core/transforms_interface.py:225: UserWarning: target_rate is required by Identity. It has been automatically inferred from targets shape to 59. If this is incorrect, you can pass it directly.
  warnings.warn(
Epoch 18, global step 4142: 'DiarizationErrorRate' was not in top 1
/ext3/miniforge3/lib/python3.12/site-packages/torch_audiomentations/core/transforms_interface.py:225: UserWarning: target_rate is required by Identity. It has been automatically inferred from targets shape to 59. If this is incorrect, you can pass it directly.
  warnings.warn(
Epoch 19, global step 4360: 'DiarizationErrorRate' was not in top 1
/ext3/miniforge3/lib/python3.12/site-packages/torch_audiomentations/core/transforms_interface.py:225: UserWarning: target_rate is required by Identity. It has been automatically inferred from targets shape to 59. If this is incorrect, you can pass it directly.
  warnings.warn(
Epoch 20, global step 4578: 'DiarizationErrorRate' was not in top 1
/ext3/miniforge3/lib/python3.12/site-packages/torch_audiomentations/core/transforms_interface.py:225: UserWarning: target_rate is required by Identity. It has been automatically inferred from targets shape to 59. If this is incorrect, you can pass it directly.
  warnings.warn(
Epoch 21, global step 4796: 'DiarizationErrorRate' was not in top 1
/ext3/miniforge3/lib/python3.12/site-packages/torch_audiomentations/core/transforms_interface.py:225: UserWarning: target_rate is required by Identity. It has been automatically inferred from targets shape to 59. If this is incorrect, you can pass it directly.
  warnings.warn(
Epoch 22, global step 5014: 'DiarizationErrorRate' was not in top 1
/ext3/miniforge3/lib/python3.12/site-packages/torch_audiomentations/core/transforms_interface.py:225: UserWarning: target_rate is required by Identity. It has been automatically inferred from targets shape to 59. If this is incorrect, you can pass it directly.
  warnings.warn(
Epoch 23, global step 5232: 'DiarizationErrorRate' was not in top 1
/ext3/miniforge3/lib/python3.12/site-packages/torch_audiomentations/core/transforms_interface.py:225: UserWarning: target_rate is required by Identity. It has been automatically inferred from targets shape to 59. If this is incorrect, you can pass it directly.
  warnings.warn(
Epoch 24, global step 5450: 'DiarizationErrorRate' was not in top 1
INFO:speechbrain.utils.quirks:Applied quirks (see `speechbrain.utils.quirks`): [disable_jit_profiling, allow_tf32]
INFO:speechbrain.utils.quirks:Excluded quirks specified by the `SB_DISABLE_QUIRKS` environment (comma-separated list): []
/ext3/miniforge3/lib/python3.12/site-packages/pyannote/audio/utils/reproducibility.py:74: ReproducibilityWarning: TensorFloat-32 (TF32) has been disabled as it might lead to reproducibility issues and lower accuracy.
It can be re-enabled by calling
   >>> import torch
   >>> torch.backends.cuda.matmul.allow_tf32 = True
   >>> torch.backends.cudnn.allow_tf32 = True
See https://github.com/pyannote/pyannote-audio/issues/1370 for more details.

  warnings.warn(
/ext3/miniforge3/lib/python3.12/site-packages/pyannote/audio/models/blocks/pooling.py:104: UserWarning: std(): degrees of freedom is <= 0. Correction should be strictly less than the reduction factor (input numel divided by output numel). (Triggered internally at ../aten/src/ATen/native/ReduceOps.cpp:1823.)
  std = sequences.std(dim=-1, correction=1)
/ext3/miniforge3/lib/python3.12/site-packages/pyannote/metrics/utils.py:200: UserWarning: 'uem' was approximated by the union of 'reference' and 'hypothesis' extents.
  warnings.warn(
/ext3/miniforge3/lib/python3.12/site-packages/pyannote/metrics/utils.py:200: UserWarning: 'uem' was approximated by the union of 'reference' and 'hypothesis' extents.
  warnings.warn(
/ext3/miniforge3/lib/python3.12/site-packages/pyannote/metrics/utils.py:200: UserWarning: 'uem' was approximated by the union of 'reference' and 'hypothesis' extents.
  warnings.warn(
/ext3/miniforge3/lib/python3.12/site-packages/pyannote/metrics/utils.py:200: UserWarning: 'uem' was approximated by the union of 'reference' and 'hypothesis' extents.
  warnings.warn(
/ext3/miniforge3/lib/python3.12/site-packages/pyannote/metrics/utils.py:200: UserWarning: 'uem' was approximated by the union of 'reference' and 'hypothesis' extents.
  warnings.warn(
/ext3/miniforge3/lib/python3.12/site-packages/pyannote/metrics/utils.py:200: UserWarning: 'uem' was approximated by the union of 'reference' and 'hypothesis' extents.
  warnings.warn(
/ext3/miniforge3/lib/python3.12/site-packages/pyannote/metrics/utils.py:200: UserWarning: 'uem' was approximated by the union of 'reference' and 'hypothesis' extents.
  warnings.warn(
/ext3/miniforge3/lib/python3.12/site-packages/pyannote/metrics/utils.py:200: UserWarning: 'uem' was approximated by the union of 'reference' and 'hypothesis' extents.
  warnings.warn(
/ext3/miniforge3/lib/python3.12/site-packages/pyannote/metrics/utils.py:200: UserWarning: 'uem' was approximated by the union of 'reference' and 'hypothesis' extents.
  warnings.warn(
/ext3/miniforge3/lib/python3.12/site-packages/pyannote/metrics/utils.py:200: UserWarning: 'uem' was approximated by the union of 'reference' and 'hypothesis' extents.
  warnings.warn(
/ext3/miniforge3/lib/python3.12/site-packages/pyannote/metrics/utils.py:200: UserWarning: 'uem' was approximated by the union of 'reference' and 'hypothesis' extents.
  warnings.warn(
/ext3/miniforge3/lib/python3.12/site-packages/pyannote/metrics/utils.py:200: UserWarning: 'uem' was approximated by the union of 'reference' and 'hypothesis' extents.
  warnings.warn(
/ext3/miniforge3/lib/python3.12/site-packages/pyannote/metrics/utils.py:200: UserWarning: 'uem' was approximated by the union of 'reference' and 'hypothesis' extents.
  warnings.warn(
/ext3/miniforge3/lib/python3.12/site-packages/pyannote/metrics/utils.py:200: UserWarning: 'uem' was approximated by the union of 'reference' and 'hypothesis' extents.
  warnings.warn(
/ext3/miniforge3/lib/python3.12/site-packages/pyannote/metrics/utils.py:200: UserWarning: 'uem' was approximated by the union of 'reference' and 'hypothesis' extents.
  warnings.warn(
/ext3/miniforge3/lib/python3.12/site-packages/pyannote/metrics/utils.py:200: UserWarning: 'uem' was approximated by the union of 'reference' and 'hypothesis' extents.
  warnings.warn(
/ext3/miniforge3/lib/python3.12/site-packages/pyannote/metrics/utils.py:200: UserWarning: 'uem' was approximated by the union of 'reference' and 'hypothesis' extents.
  warnings.warn(
/ext3/miniforge3/lib/python3.12/site-packages/pyannote/metrics/utils.py:200: UserWarning: 'uem' was approximated by the union of 'reference' and 'hypothesis' extents.
  warnings.warn(
/ext3/miniforge3/lib/python3.12/site-packages/pyannote/metrics/utils.py:200: UserWarning: 'uem' was approximated by the union of 'reference' and 'hypothesis' extents.
  warnings.warn(
/ext3/miniforge3/lib/python3.12/site-packages/pyannote/metrics/utils.py:200: UserWarning: 'uem' was approximated by the union of 'reference' and 'hypothesis' extents.
  warnings.warn(
/ext3/miniforge3/lib/python3.12/site-packages/pyannote/metrics/utils.py:200: UserWarning: 'uem' was approximated by the union of 'reference' and 'hypothesis' extents.
  warnings.warn(
/ext3/miniforge3/lib/python3.12/site-packages/pyannote/metrics/utils.py:200: UserWarning: 'uem' was approximated by the union of 'reference' and 'hypothesis' extents.
  warnings.warn(
/ext3/miniforge3/lib/python3.12/site-packages/pyannote/metrics/utils.py:200: UserWarning: 'uem' was approximated by the union of 'reference' and 'hypothesis' extents.
  warnings.warn(
/ext3/miniforge3/lib/python3.12/site-packages/pyannote/metrics/utils.py:200: UserWarning: 'uem' was approximated by the union of 'reference' and 'hypothesis' extents.
  warnings.warn(
/ext3/miniforge3/lib/python3.12/site-packages/pyannote/metrics/utils.py:200: UserWarning: 'uem' was approximated by the union of 'reference' and 'hypothesis' extents.
  warnings.warn(
/ext3/miniforge3/lib/python3.12/site-packages/pyannote/metrics/utils.py:200: UserWarning: 'uem' was approximated by the union of 'reference' and 'hypothesis' extents.
  warnings.warn(
/ext3/miniforge3/lib/python3.12/site-packages/pyannote/metrics/utils.py:200: UserWarning: 'uem' was approximated by the union of 'reference' and 'hypothesis' extents.
  warnings.warn(
/ext3/miniforge3/lib/python3.12/site-packages/pyannote/metrics/utils.py:200: UserWarning: 'uem' was approximated by the union of 'reference' and 'hypothesis' extents.
  warnings.warn(
/ext3/miniforge3/lib/python3.12/site-packages/pyannote/metrics/utils.py:200: UserWarning: 'uem' was approximated by the union of 'reference' and 'hypothesis' extents.
  warnings.warn(
/ext3/miniforge3/lib/python3.12/site-packages/pyannote/metrics/utils.py:200: UserWarning: 'uem' was approximated by the union of 'reference' and 'hypothesis' extents.
  warnings.warn(
/ext3/miniforge3/lib/python3.12/site-packages/pyannote/metrics/utils.py:200: UserWarning: 'uem' was approximated by the union of 'reference' and 'hypothesis' extents.
  warnings.warn(
/ext3/miniforge3/lib/python3.12/site-packages/pyannote/metrics/utils.py:200: UserWarning: 'uem' was approximated by the union of 'reference' and 'hypothesis' extents.
  warnings.warn(
/ext3/miniforge3/lib/python3.12/site-packages/pyannote/metrics/utils.py:200: UserWarning: 'uem' was approximated by the union of 'reference' and 'hypothesis' extents.
  warnings.warn(
/ext3/miniforge3/lib/python3.12/site-packages/pyannote/metrics/utils.py:200: UserWarning: 'uem' was approximated by the union of 'reference' and 'hypothesis' extents.
  warnings.warn(
/ext3/miniforge3/lib/python3.12/site-packages/pyannote/metrics/utils.py:200: UserWarning: 'uem' was approximated by the union of 'reference' and 'hypothesis' extents.
  warnings.warn(
/ext3/miniforge3/lib/python3.12/site-packages/pyannote/metrics/utils.py:200: UserWarning: 'uem' was approximated by the union of 'reference' and 'hypothesis' extents.
  warnings.warn(
/ext3/miniforge3/lib/python3.12/site-packages/pyannote/metrics/utils.py:200: UserWarning: 'uem' was approximated by the union of 'reference' and 'hypothesis' extents.
  warnings.warn(
/ext3/miniforge3/lib/python3.12/site-packages/pyannote/metrics/utils.py:200: UserWarning: 'uem' was approximated by the union of 'reference' and 'hypothesis' extents.
  warnings.warn(
/ext3/miniforge3/lib/python3.12/site-packages/pyannote/metrics/utils.py:200: UserWarning: 'uem' was approximated by the union of 'reference' and 'hypothesis' extents.
  warnings.warn(
/ext3/miniforge3/lib/python3.12/site-packages/pyannote/metrics/utils.py:200: UserWarning: 'uem' was approximated by the union of 'reference' and 'hypothesis' extents.
  warnings.warn(
/ext3/miniforge3/lib/python3.12/site-packages/pyannote/metrics/utils.py:200: UserWarning: 'uem' was approximated by the union of 'reference' and 'hypothesis' extents.
  warnings.warn(
/ext3/miniforge3/lib/python3.12/site-packages/pyannote/metrics/utils.py:200: UserWarning: 'uem' was approximated by the union of 'reference' and 'hypothesis' extents.
  warnings.warn(
/ext3/miniforge3/lib/python3.12/site-packages/pyannote/metrics/utils.py:200: UserWarning: 'uem' was approximated by the union of 'reference' and 'hypothesis' extents.
  warnings.warn(
/ext3/miniforge3/lib/python3.12/site-packages/pyannote/metrics/utils.py:200: UserWarning: 'uem' was approximated by the union of 'reference' and 'hypothesis' extents.
  warnings.warn(
/ext3/miniforge3/lib/python3.12/site-packages/pyannote/metrics/utils.py:200: UserWarning: 'uem' was approximated by the union of 'reference' and 'hypothesis' extents.
  warnings.warn(
/ext3/miniforge3/lib/python3.12/site-packages/pyannote/metrics/utils.py:200: UserWarning: 'uem' was approximated by the union of 'reference' and 'hypothesis' extents.
  warnings.warn(
/ext3/miniforge3/lib/python3.12/site-packages/pyannote/metrics/utils.py:200: UserWarning: 'uem' was approximated by the union of 'reference' and 'hypothesis' extents.
  warnings.warn(
/ext3/miniforge3/lib/python3.12/site-packages/pyannote/metrics/utils.py:200: UserWarning: 'uem' was approximated by the union of 'reference' and 'hypothesis' extents.
  warnings.warn(
/ext3/miniforge3/lib/python3.12/site-packages/pyannote/metrics/utils.py:200: UserWarning: 'uem' was approximated by the union of 'reference' and 'hypothesis' extents.
  warnings.warn(
/ext3/miniforge3/lib/python3.12/site-packages/pyannote/metrics/utils.py:200: UserWarning: 'uem' was approximated by the union of 'reference' and 'hypothesis' extents.
  warnings.warn(
/ext3/miniforge3/lib/python3.12/site-packages/pyannote/metrics/utils.py:200: UserWarning: 'uem' was approximated by the union of 'reference' and 'hypothesis' extents.
  warnings.warn(
/ext3/miniforge3/lib/python3.12/site-packages/pyannote/metrics/utils.py:200: UserWarning: 'uem' was approximated by the union of 'reference' and 'hypothesis' extents.
  warnings.warn(
/ext3/miniforge3/lib/python3.12/site-packages/pyannote/metrics/utils.py:200: UserWarning: 'uem' was approximated by the union of 'reference' and 'hypothesis' extents.
  warnings.warn(
/ext3/miniforge3/lib/python3.12/site-packages/pyannote/metrics/utils.py:200: UserWarning: 'uem' was approximated by the union of 'reference' and 'hypothesis' extents.
  warnings.warn(
