'AVA-AVD.SpeakerDiarization.data' found in /scratch/map22-share/pyav/database.yml does not define the 'scope' of speaker labels (file, database, or global). Setting it to 'file'.
'AVA-AVD.SpeakerDiarization.data' found in /scratch/map22-share/pyav/database_new_dino_small.yml does not define the 'scope' of speaker labels (file, database, or global). Setting it to 'file'.
1j20qq1JyX4_c_01
1j20qq1JyX4_c_02
1j20qq1JyX4_c_03
2qQs3Y9OJX0_c_01
2qQs3Y9OJX0_c_02
2qQs3Y9OJX0_c_03
4ZpjKfu6Cl8_c_01
4ZpjKfu6Cl8_c_02
4ZpjKfu6Cl8_c_03
5milLu-6bWI_c_01
5milLu-6bWI_c_02
5milLu-6bWI_c_03
7YpF6DntOYw_c_01
7YpF6DntOYw_c_02
7YpF6DntOYw_c_03
BCiuXAuCKAU_c_01
BCiuXAuCKAU_c_02
BCiuXAuCKAU_c_03
HKjR70GCRPE_c_01
HKjR70GCRPE_c_02
HKjR70GCRPE_c_03
IKdBLciu_-A_c_01
IKdBLciu_-A_c_02
IKdBLciu_-A_c_03
KHHgQ_Pe4cI_c_01
KHHgQ_Pe4cI_c_02
KHHgQ_Pe4cI_c_03
PmElx9ZVByw_c_01
PmElx9ZVByw_c_02
PmElx9ZVByw_c_03
a5mEmM6w_ks_c_01
a5mEmM6w_ks_c_02
a5mEmM6w_ks_c_03
kMy-6RtoOVU_c_01
kMy-6RtoOVU_c_02
kMy-6RtoOVU_c_03
qrkff49p4E4_c_01
qrkff49p4E4_c_02
qrkff49p4E4_c_03
zC5Fh2tTS1U_c_01
zC5Fh2tTS1U_c_02
zC5Fh2tTS1U_c_03
zR725veL-DI_c_01
zR725veL-DI_c_02
zR725veL-DI_c_03
IzvOYVMltkI_c_01
IzvOYVMltkI_c_02
IzvOYVMltkI_c_03
UrsCy6qIGoo_c_01
UrsCy6qIGoo_c_02
UrsCy6qIGoo_c_03
yn9WN9lsHRE_c_01
yn9WN9lsHRE_c_02
yn9WN9lsHRE_c_03
                 diarization error rate   total correct correct false alarm false alarm missed detection missed detection confusion confusion
                                      %                       %                       %                                 %                   %
item                                                                                                                                         
1j20qq1JyX4_c_01                  63.48  155.04   72.23   46.59       15.61       10.07            37.29            24.05     45.53     29.37
1j20qq1JyX4_c_02                  75.76  227.61   75.61   33.22       20.44        8.98            60.52            26.59     91.48     40.19
1j20qq1JyX4_c_03                  50.00  197.25  121.12   61.41       22.51       11.41            54.07            27.41     22.05     11.18
2qQs3Y9OJX0_c_01                 115.92   88.76   38.06   42.88       52.19       58.80            27.89            31.42     22.81     25.70
2qQs3Y9OJX0_c_02                  67.42  115.94   64.14   55.32       26.37       22.75             2.57             2.21     49.23     42.46
2qQs3Y9OJX0_c_03                  44.27  147.42  108.69   73.73       26.53       18.00             7.71             5.23     31.01     21.04
4ZpjKfu6Cl8_c_01                  81.29  141.58   52.60   37.15       26.11       18.44            43.61            30.80     45.37     32.05
4ZpjKfu6Cl8_c_02                  58.53  154.91   93.63   60.44       29.38       18.97            13.08             8.44     48.20     31.12
4ZpjKfu6Cl8_c_03                  63.63  112.18   65.08   58.01       24.28       21.65             4.10             3.65     43.00     38.33
5milLu-6bWI_c_01                  93.87  172.09   66.74   38.78       56.19       32.65            64.93            37.73     40.42     23.49
5milLu-6bWI_c_02                  39.54  217.04  151.00   69.57       19.78        9.11            28.24            13.01     37.80     17.42
5milLu-6bWI_c_03                  43.04  221.47  162.42   73.34       36.27       16.38            15.62             7.05     43.44     19.61
7YpF6DntOYw_c_01                 115.73  130.38   25.69   19.70       46.20       35.44            75.61            57.99     29.09     22.31
7YpF6DntOYw_c_02                 165.75   47.97    4.67    9.73       36.21       75.48            38.32            79.87      4.99     10.39
7YpF6DntOYw_c_03                 141.27   63.64   16.98   26.69       43.24       67.95            39.97            62.81      6.68     10.50
BCiuXAuCKAU_c_01                 109.04  204.14   31.59   15.47       50.04       24.51           132.69            65.00     39.87     19.53
BCiuXAuCKAU_c_02                 118.57  151.16   37.89   25.06       65.96       43.63            72.02            47.65     41.25     27.29
BCiuXAuCKAU_c_03                  48.80  207.35  113.51   54.75        7.35        3.55            84.87            40.93      8.97      4.33
HKjR70GCRPE_c_01                  45.98  146.55  106.65   72.77       27.49       18.76             7.95             5.43     31.95     21.80
HKjR70GCRPE_c_02                  56.55  145.09   98.01   67.55       34.96       24.10             8.14             5.61     38.94     26.84
HKjR70GCRPE_c_03                  53.67  165.77   93.99   56.70       17.20       10.37             9.29             5.60     62.49     37.70
IKdBLciu_-A_c_01                  47.91  127.59   87.11   68.28       20.65       16.19             7.57             5.94     32.90     25.79
IKdBLciu_-A_c_02                 105.62   95.14   23.68   24.89       29.02       30.51            46.08            48.44     25.37     26.67
IKdBLciu_-A_c_03                  72.80   98.48   35.23   35.77        8.45        8.58            38.97            39.57     24.28     24.65
KHHgQ_Pe4cI_c_01                 103.24  173.06   34.20   19.76       39.82       23.01           109.92            63.52     28.93     16.72
KHHgQ_Pe4cI_c_02                 126.67  111.72   19.29   17.27       49.09       43.94            78.70            70.45     13.72     12.28
KHHgQ_Pe4cI_c_03                 104.73  155.64   37.29   23.96       44.65       28.69            95.97            61.66     22.38     14.38
PmElx9ZVByw_c_01                 110.41  140.52   60.33   42.93       74.96       53.34            65.32            46.49     14.87     10.58
PmElx9ZVByw_c_02                  54.50  146.74  103.65   70.63       36.88       25.13            41.55            28.32      1.54      1.05
PmElx9ZVByw_c_03                  64.66  119.72   73.44   61.34       31.13       26.00            32.90            27.48     13.39     11.18
a5mEmM6w_ks_c_01                  70.14  233.82  133.91   57.27       64.08       27.41            53.83            23.02     46.08     19.71
a5mEmM6w_ks_c_02                  20.52  185.77  164.11   88.34       16.47        8.87             4.97             2.68     16.68      8.98
a5mEmM6w_ks_c_03                 130.77  127.45   33.01   25.90       72.23       56.67            67.28            52.79     27.16     21.31
kMy-6RtoOVU_c_01                  65.55  185.74   81.00   43.61       17.02        9.16            48.94            26.35     55.80     30.04
kMy-6RtoOVU_c_02                  64.31  121.56   74.78   61.52       31.39       25.83            16.10            13.24     30.68     25.24
kMy-6RtoOVU_c_03                  79.54  111.44   44.15   39.62       21.35       19.16            14.43            12.95     52.85     47.43
qrkff49p4E4_c_01                  24.20  147.35  116.11   78.80        4.42        3.00            15.28            10.37     15.96     10.83
qrkff49p4E4_c_02                  11.21  139.30  129.53   92.98        5.84        4.19             8.23             5.91      1.54      1.11
qrkff49p4E4_c_03                  24.58  160.16  130.68   81.59        9.89        6.18            11.92             7.44     17.57     10.97
zC5Fh2tTS1U_c_01                 111.90  182.11   51.65   28.36       73.31       40.26            60.81            33.39     69.65     38.25
zC5Fh2tTS1U_c_02                  68.05  172.52   83.96   48.67       28.84       16.71            17.63            10.22     70.93     41.12
zC5Fh2tTS1U_c_03                  70.79  240.11  105.68   44.01       35.56       14.81            65.07            27.10     69.36     28.89
zR725veL-DI_c_01                  57.25  189.63  117.40   61.91       36.35       19.17            54.59            28.79     17.63      9.30
zR725veL-DI_c_02                  28.68  215.42  167.65   77.83       14.02        6.51            29.61            13.74     18.16      8.43
zR725veL-DI_c_03                  32.19  199.66  147.92   74.09       12.54        6.28            32.68            16.37     19.06      9.54
IzvOYVMltkI_c_01                  51.83  156.33  110.11   70.43       34.80       22.26            26.44            16.92     19.78     12.65
IzvOYVMltkI_c_02                  55.45  191.12  113.66   59.47       28.52       14.92            10.12             5.30     67.34     35.23
IzvOYVMltkI_c_03                  28.27  172.51  153.22   88.82       29.48       17.09             2.63             1.52     16.66      9.66
UrsCy6qIGoo_c_01                  27.85  122.67   94.64   77.15        6.14        5.00             7.86             6.41     20.16     16.44
UrsCy6qIGoo_c_02                  55.12  124.94   68.22   54.60       12.14        9.72            13.25            10.61     43.47     34.79
UrsCy6qIGoo_c_03                  37.63  197.14  132.86   67.39        9.91        5.03            11.56             5.86     52.72     26.74
yn9WN9lsHRE_c_01                  42.20  188.08  122.90   65.34       14.18        7.54            30.73            16.34     34.46     18.32
yn9WN9lsHRE_c_02                  43.71  156.16   95.39   61.08        7.49        4.80            52.63            33.70      8.14      5.21
yn9WN9lsHRE_c_03                  58.59  196.36  103.29   52.60       21.98       11.19            19.38             9.87     73.69     37.53
TOTAL                             64.43 8499.30 4650.36   54.71     1626.92       19.14          2021.44            23.78   1827.50     21.50
