/ext3/miniforge3/lib/python3.12/site-packages/pyannote/database/registry.py:502: UserWarning: Replacing existing AVA-AVD.SpeakerDiarization.data protocol by the one defined in '/scratch/map22-share/pyav/database_new_dino_small.yml'.
  warnings.warn(
INFO:speechbrain.utils.quirks:Applied quirks (see `speechbrain.utils.quirks`): [disable_jit_profiling, allow_tf32]
INFO:speechbrain.utils.quirks:Excluded quirks specified by the `SB_DISABLE_QUIRKS` environment (comma-separated list): []
/ext3/miniforge3/lib/python3.12/site-packages/pyannote/audio/utils/reproducibility.py:74: ReproducibilityWarning: TensorFloat-32 (TF32) has been disabled as it might lead to reproducibility issues and lower accuracy.
It can be re-enabled by calling
   >>> import torch
   >>> torch.backends.cuda.matmul.allow_tf32 = True
   >>> torch.backends.cudnn.allow_tf32 = True
See https://github.com/pyannote/pyannote-audio/issues/1370 for more details.

  warnings.warn(
/ext3/miniforge3/lib/python3.12/site-packages/pyannote/audio/models/blocks/pooling.py:104: UserWarning: std(): degrees of freedom is <= 0. Correction should be strictly less than the reduction factor (input numel divided by output numel). (Triggered internally at ../aten/src/ATen/native/ReduceOps.cpp:1823.)
  std = sequences.std(dim=-1, correction=1)
/ext3/miniforge3/lib/python3.12/site-packages/pyannote/database/protocol/protocol.py:140: UserWarning: Existing precomputed key "annotation" has been modified by a preprocessor.
  warnings.warn(msg.format(key=key))
/ext3/miniforge3/lib/python3.12/site-packages/pyannote/metrics/utils.py:200: UserWarning: 'uem' was approximated by the union of 'reference' and 'hypothesis' extents.
  warnings.warn(
/ext3/miniforge3/lib/python3.12/site-packages/pyannote/database/protocol/protocol.py:140: UserWarning: Existing precomputed key "annotation" has been modified by a preprocessor.
  warnings.warn(msg.format(key=key))
/ext3/miniforge3/lib/python3.12/site-packages/pyannote/metrics/utils.py:200: UserWarning: 'uem' was approximated by the union of 'reference' and 'hypothesis' extents.
  warnings.warn(
/ext3/miniforge3/lib/python3.12/site-packages/pyannote/database/protocol/protocol.py:140: UserWarning: Existing precomputed key "annotation" has been modified by a preprocessor.
  warnings.warn(msg.format(key=key))
/ext3/miniforge3/lib/python3.12/site-packages/pyannote/metrics/utils.py:200: UserWarning: 'uem' was approximated by the union of 'reference' and 'hypothesis' extents.
  warnings.warn(
/ext3/miniforge3/lib/python3.12/site-packages/pyannote/database/protocol/protocol.py:140: UserWarning: Existing precomputed key "annotation" has been modified by a preprocessor.
  warnings.warn(msg.format(key=key))
/ext3/miniforge3/lib/python3.12/site-packages/pyannote/metrics/utils.py:200: UserWarning: 'uem' was approximated by the union of 'reference' and 'hypothesis' extents.
  warnings.warn(
/ext3/miniforge3/lib/python3.12/site-packages/pyannote/database/protocol/protocol.py:140: UserWarning: Existing precomputed key "annotation" has been modified by a preprocessor.
  warnings.warn(msg.format(key=key))
/ext3/miniforge3/lib/python3.12/site-packages/pyannote/metrics/utils.py:200: UserWarning: 'uem' was approximated by the union of 'reference' and 'hypothesis' extents.
  warnings.warn(
/ext3/miniforge3/lib/python3.12/site-packages/pyannote/database/protocol/protocol.py:140: UserWarning: Existing precomputed key "annotation" has been modified by a preprocessor.
  warnings.warn(msg.format(key=key))
/ext3/miniforge3/lib/python3.12/site-packages/pyannote/metrics/utils.py:200: UserWarning: 'uem' was approximated by the union of 'reference' and 'hypothesis' extents.
  warnings.warn(
/ext3/miniforge3/lib/python3.12/site-packages/pyannote/database/protocol/protocol.py:140: UserWarning: Existing precomputed key "annotation" has been modified by a preprocessor.
  warnings.warn(msg.format(key=key))
/ext3/miniforge3/lib/python3.12/site-packages/pyannote/metrics/utils.py:200: UserWarning: 'uem' was approximated by the union of 'reference' and 'hypothesis' extents.
  warnings.warn(
/ext3/miniforge3/lib/python3.12/site-packages/pyannote/database/protocol/protocol.py:140: UserWarning: Existing precomputed key "annotation" has been modified by a preprocessor.
  warnings.warn(msg.format(key=key))
/ext3/miniforge3/lib/python3.12/site-packages/pyannote/metrics/utils.py:200: UserWarning: 'uem' was approximated by the union of 'reference' and 'hypothesis' extents.
  warnings.warn(
/ext3/miniforge3/lib/python3.12/site-packages/pyannote/database/protocol/protocol.py:140: UserWarning: Existing precomputed key "annotation" has been modified by a preprocessor.
  warnings.warn(msg.format(key=key))
/ext3/miniforge3/lib/python3.12/site-packages/pyannote/metrics/utils.py:200: UserWarning: 'uem' was approximated by the union of 'reference' and 'hypothesis' extents.
  warnings.warn(
/ext3/miniforge3/lib/python3.12/site-packages/pyannote/database/protocol/protocol.py:140: UserWarning: Existing precomputed key "annotation" has been modified by a preprocessor.
  warnings.warn(msg.format(key=key))
/ext3/miniforge3/lib/python3.12/site-packages/pyannote/metrics/utils.py:200: UserWarning: 'uem' was approximated by the union of 'reference' and 'hypothesis' extents.
  warnings.warn(
/ext3/miniforge3/lib/python3.12/site-packages/pyannote/database/protocol/protocol.py:140: UserWarning: Existing precomputed key "annotation" has been modified by a preprocessor.
  warnings.warn(msg.format(key=key))
/ext3/miniforge3/lib/python3.12/site-packages/pyannote/metrics/utils.py:200: UserWarning: 'uem' was approximated by the union of 'reference' and 'hypothesis' extents.
  warnings.warn(
/ext3/miniforge3/lib/python3.12/site-packages/pyannote/database/protocol/protocol.py:140: UserWarning: Existing precomputed key "annotation" has been modified by a preprocessor.
  warnings.warn(msg.format(key=key))
/ext3/miniforge3/lib/python3.12/site-packages/pyannote/metrics/utils.py:200: UserWarning: 'uem' was approximated by the union of 'reference' and 'hypothesis' extents.
  warnings.warn(
/ext3/miniforge3/lib/python3.12/site-packages/pyannote/database/protocol/protocol.py:140: UserWarning: Existing precomputed key "annotation" has been modified by a preprocessor.
  warnings.warn(msg.format(key=key))
/ext3/miniforge3/lib/python3.12/site-packages/pyannote/metrics/utils.py:200: UserWarning: 'uem' was approximated by the union of 'reference' and 'hypothesis' extents.
  warnings.warn(
/ext3/miniforge3/lib/python3.12/site-packages/pyannote/database/protocol/protocol.py:140: UserWarning: Existing precomputed key "annotation" has been modified by a preprocessor.
  warnings.warn(msg.format(key=key))
/ext3/miniforge3/lib/python3.12/site-packages/pyannote/metrics/utils.py:200: UserWarning: 'uem' was approximated by the union of 'reference' and 'hypothesis' extents.
  warnings.warn(
/ext3/miniforge3/lib/python3.12/site-packages/pyannote/database/protocol/protocol.py:140: UserWarning: Existing precomputed key "annotation" has been modified by a preprocessor.
  warnings.warn(msg.format(key=key))
/ext3/miniforge3/lib/python3.12/site-packages/pyannote/metrics/utils.py:200: UserWarning: 'uem' was approximated by the union of 'reference' and 'hypothesis' extents.
  warnings.warn(
/ext3/miniforge3/lib/python3.12/site-packages/pyannote/database/protocol/protocol.py:140: UserWarning: Existing precomputed key "annotation" has been modified by a preprocessor.
  warnings.warn(msg.format(key=key))
/ext3/miniforge3/lib/python3.12/site-packages/pyannote/metrics/utils.py:200: UserWarning: 'uem' was approximated by the union of 'reference' and 'hypothesis' extents.
  warnings.warn(
/ext3/miniforge3/lib/python3.12/site-packages/pyannote/database/protocol/protocol.py:140: UserWarning: Existing precomputed key "annotation" has been modified by a preprocessor.
  warnings.warn(msg.format(key=key))
/ext3/miniforge3/lib/python3.12/site-packages/pyannote/metrics/utils.py:200: UserWarning: 'uem' was approximated by the union of 'reference' and 'hypothesis' extents.
  warnings.warn(
/ext3/miniforge3/lib/python3.12/site-packages/pyannote/database/protocol/protocol.py:140: UserWarning: Existing precomputed key "annotation" has been modified by a preprocessor.
  warnings.warn(msg.format(key=key))
/ext3/miniforge3/lib/python3.12/site-packages/pyannote/metrics/utils.py:200: UserWarning: 'uem' was approximated by the union of 'reference' and 'hypothesis' extents.
  warnings.warn(
/ext3/miniforge3/lib/python3.12/site-packages/pyannote/database/protocol/protocol.py:140: UserWarning: Existing precomputed key "annotation" has been modified by a preprocessor.
  warnings.warn(msg.format(key=key))
/ext3/miniforge3/lib/python3.12/site-packages/pyannote/metrics/utils.py:200: UserWarning: 'uem' was approximated by the union of 'reference' and 'hypothesis' extents.
  warnings.warn(
/ext3/miniforge3/lib/python3.12/site-packages/pyannote/database/protocol/protocol.py:140: UserWarning: Existing precomputed key "annotation" has been modified by a preprocessor.
  warnings.warn(msg.format(key=key))
/ext3/miniforge3/lib/python3.12/site-packages/pyannote/metrics/utils.py:200: UserWarning: 'uem' was approximated by the union of 'reference' and 'hypothesis' extents.
  warnings.warn(
/ext3/miniforge3/lib/python3.12/site-packages/pyannote/database/protocol/protocol.py:140: UserWarning: Existing precomputed key "annotation" has been modified by a preprocessor.
  warnings.warn(msg.format(key=key))
/ext3/miniforge3/lib/python3.12/site-packages/pyannote/metrics/utils.py:200: UserWarning: 'uem' was approximated by the union of 'reference' and 'hypothesis' extents.
  warnings.warn(
/ext3/miniforge3/lib/python3.12/site-packages/pyannote/database/protocol/protocol.py:140: UserWarning: Existing precomputed key "annotation" has been modified by a preprocessor.
  warnings.warn(msg.format(key=key))
/ext3/miniforge3/lib/python3.12/site-packages/pyannote/metrics/utils.py:200: UserWarning: 'uem' was approximated by the union of 'reference' and 'hypothesis' extents.
  warnings.warn(
/ext3/miniforge3/lib/python3.12/site-packages/pyannote/database/protocol/protocol.py:140: UserWarning: Existing precomputed key "annotation" has been modified by a preprocessor.
  warnings.warn(msg.format(key=key))
/ext3/miniforge3/lib/python3.12/site-packages/pyannote/metrics/utils.py:200: UserWarning: 'uem' was approximated by the union of 'reference' and 'hypothesis' extents.
  warnings.warn(
/ext3/miniforge3/lib/python3.12/site-packages/pyannote/database/protocol/protocol.py:140: UserWarning: Existing precomputed key "annotation" has been modified by a preprocessor.
  warnings.warn(msg.format(key=key))
/ext3/miniforge3/lib/python3.12/site-packages/pyannote/metrics/utils.py:200: UserWarning: 'uem' was approximated by the union of 'reference' and 'hypothesis' extents.
  warnings.warn(
/ext3/miniforge3/lib/python3.12/site-packages/pyannote/database/protocol/protocol.py:140: UserWarning: Existing precomputed key "annotation" has been modified by a preprocessor.
  warnings.warn(msg.format(key=key))
/ext3/miniforge3/lib/python3.12/site-packages/pyannote/metrics/utils.py:200: UserWarning: 'uem' was approximated by the union of 'reference' and 'hypothesis' extents.
  warnings.warn(
/ext3/miniforge3/lib/python3.12/site-packages/pyannote/database/protocol/protocol.py:140: UserWarning: Existing precomputed key "annotation" has been modified by a preprocessor.
  warnings.warn(msg.format(key=key))
/ext3/miniforge3/lib/python3.12/site-packages/pyannote/metrics/utils.py:200: UserWarning: 'uem' was approximated by the union of 'reference' and 'hypothesis' extents.
  warnings.warn(
/ext3/miniforge3/lib/python3.12/site-packages/pyannote/database/protocol/protocol.py:140: UserWarning: Existing precomputed key "annotation" has been modified by a preprocessor.
  warnings.warn(msg.format(key=key))
/ext3/miniforge3/lib/python3.12/site-packages/pyannote/metrics/utils.py:200: UserWarning: 'uem' was approximated by the union of 'reference' and 'hypothesis' extents.
  warnings.warn(
/ext3/miniforge3/lib/python3.12/site-packages/pyannote/database/protocol/protocol.py:140: UserWarning: Existing precomputed key "annotation" has been modified by a preprocessor.
  warnings.warn(msg.format(key=key))
/ext3/miniforge3/lib/python3.12/site-packages/pyannote/metrics/utils.py:200: UserWarning: 'uem' was approximated by the union of 'reference' and 'hypothesis' extents.
  warnings.warn(
/ext3/miniforge3/lib/python3.12/site-packages/pyannote/database/protocol/protocol.py:140: UserWarning: Existing precomputed key "annotation" has been modified by a preprocessor.
  warnings.warn(msg.format(key=key))
/ext3/miniforge3/lib/python3.12/site-packages/pyannote/metrics/utils.py:200: UserWarning: 'uem' was approximated by the union of 'reference' and 'hypothesis' extents.
  warnings.warn(
/ext3/miniforge3/lib/python3.12/site-packages/pyannote/database/protocol/protocol.py:140: UserWarning: Existing precomputed key "annotation" has been modified by a preprocessor.
  warnings.warn(msg.format(key=key))
/ext3/miniforge3/lib/python3.12/site-packages/pyannote/metrics/utils.py:200: UserWarning: 'uem' was approximated by the union of 'reference' and 'hypothesis' extents.
  warnings.warn(
/ext3/miniforge3/lib/python3.12/site-packages/pyannote/database/protocol/protocol.py:140: UserWarning: Existing precomputed key "annotation" has been modified by a preprocessor.
  warnings.warn(msg.format(key=key))
/ext3/miniforge3/lib/python3.12/site-packages/pyannote/metrics/utils.py:200: UserWarning: 'uem' was approximated by the union of 'reference' and 'hypothesis' extents.
  warnings.warn(
/ext3/miniforge3/lib/python3.12/site-packages/pyannote/database/protocol/protocol.py:140: UserWarning: Existing precomputed key "annotation" has been modified by a preprocessor.
  warnings.warn(msg.format(key=key))
/ext3/miniforge3/lib/python3.12/site-packages/pyannote/metrics/utils.py:200: UserWarning: 'uem' was approximated by the union of 'reference' and 'hypothesis' extents.
  warnings.warn(
/ext3/miniforge3/lib/python3.12/site-packages/pyannote/database/protocol/protocol.py:140: UserWarning: Existing precomputed key "annotation" has been modified by a preprocessor.
  warnings.warn(msg.format(key=key))
/ext3/miniforge3/lib/python3.12/site-packages/pyannote/metrics/utils.py:200: UserWarning: 'uem' was approximated by the union of 'reference' and 'hypothesis' extents.
  warnings.warn(
/ext3/miniforge3/lib/python3.12/site-packages/pyannote/database/protocol/protocol.py:140: UserWarning: Existing precomputed key "annotation" has been modified by a preprocessor.
  warnings.warn(msg.format(key=key))
/ext3/miniforge3/lib/python3.12/site-packages/pyannote/metrics/utils.py:200: UserWarning: 'uem' was approximated by the union of 'reference' and 'hypothesis' extents.
  warnings.warn(
/ext3/miniforge3/lib/python3.12/site-packages/pyannote/database/protocol/protocol.py:140: UserWarning: Existing precomputed key "annotation" has been modified by a preprocessor.
  warnings.warn(msg.format(key=key))
/ext3/miniforge3/lib/python3.12/site-packages/pyannote/metrics/utils.py:200: UserWarning: 'uem' was approximated by the union of 'reference' and 'hypothesis' extents.
  warnings.warn(
/ext3/miniforge3/lib/python3.12/site-packages/pyannote/database/protocol/protocol.py:140: UserWarning: Existing precomputed key "annotation" has been modified by a preprocessor.
  warnings.warn(msg.format(key=key))
/ext3/miniforge3/lib/python3.12/site-packages/pyannote/metrics/utils.py:200: UserWarning: 'uem' was approximated by the union of 'reference' and 'hypothesis' extents.
  warnings.warn(
/ext3/miniforge3/lib/python3.12/site-packages/pyannote/database/protocol/protocol.py:140: UserWarning: Existing precomputed key "annotation" has been modified by a preprocessor.
  warnings.warn(msg.format(key=key))
/ext3/miniforge3/lib/python3.12/site-packages/pyannote/metrics/utils.py:200: UserWarning: 'uem' was approximated by the union of 'reference' and 'hypothesis' extents.
  warnings.warn(
/ext3/miniforge3/lib/python3.12/site-packages/pyannote/database/protocol/protocol.py:140: UserWarning: Existing precomputed key "annotation" has been modified by a preprocessor.
  warnings.warn(msg.format(key=key))
/ext3/miniforge3/lib/python3.12/site-packages/pyannote/metrics/utils.py:200: UserWarning: 'uem' was approximated by the union of 'reference' and 'hypothesis' extents.
  warnings.warn(
/ext3/miniforge3/lib/python3.12/site-packages/pyannote/database/protocol/protocol.py:140: UserWarning: Existing precomputed key "annotation" has been modified by a preprocessor.
  warnings.warn(msg.format(key=key))
/ext3/miniforge3/lib/python3.12/site-packages/pyannote/metrics/utils.py:200: UserWarning: 'uem' was approximated by the union of 'reference' and 'hypothesis' extents.
  warnings.warn(
/ext3/miniforge3/lib/python3.12/site-packages/pyannote/database/protocol/protocol.py:140: UserWarning: Existing precomputed key "annotation" has been modified by a preprocessor.
  warnings.warn(msg.format(key=key))
/ext3/miniforge3/lib/python3.12/site-packages/pyannote/metrics/utils.py:200: UserWarning: 'uem' was approximated by the union of 'reference' and 'hypothesis' extents.
  warnings.warn(
/ext3/miniforge3/lib/python3.12/site-packages/pyannote/database/protocol/protocol.py:140: UserWarning: Existing precomputed key "annotation" has been modified by a preprocessor.
  warnings.warn(msg.format(key=key))
/ext3/miniforge3/lib/python3.12/site-packages/pyannote/metrics/utils.py:200: UserWarning: 'uem' was approximated by the union of 'reference' and 'hypothesis' extents.
  warnings.warn(
/ext3/miniforge3/lib/python3.12/site-packages/pyannote/database/protocol/protocol.py:140: UserWarning: Existing precomputed key "annotation" has been modified by a preprocessor.
  warnings.warn(msg.format(key=key))
/ext3/miniforge3/lib/python3.12/site-packages/pyannote/metrics/utils.py:200: UserWarning: 'uem' was approximated by the union of 'reference' and 'hypothesis' extents.
  warnings.warn(
/ext3/miniforge3/lib/python3.12/site-packages/pyannote/database/protocol/protocol.py:140: UserWarning: Existing precomputed key "annotation" has been modified by a preprocessor.
  warnings.warn(msg.format(key=key))
/ext3/miniforge3/lib/python3.12/site-packages/pyannote/metrics/utils.py:200: UserWarning: 'uem' was approximated by the union of 'reference' and 'hypothesis' extents.
  warnings.warn(
/ext3/miniforge3/lib/python3.12/site-packages/pyannote/database/protocol/protocol.py:140: UserWarning: Existing precomputed key "annotation" has been modified by a preprocessor.
  warnings.warn(msg.format(key=key))
/ext3/miniforge3/lib/python3.12/site-packages/pyannote/metrics/utils.py:200: UserWarning: 'uem' was approximated by the union of 'reference' and 'hypothesis' extents.
  warnings.warn(
/ext3/miniforge3/lib/python3.12/site-packages/pyannote/database/protocol/protocol.py:140: UserWarning: Existing precomputed key "annotation" has been modified by a preprocessor.
  warnings.warn(msg.format(key=key))
/ext3/miniforge3/lib/python3.12/site-packages/pyannote/metrics/utils.py:200: UserWarning: 'uem' was approximated by the union of 'reference' and 'hypothesis' extents.
  warnings.warn(
/ext3/miniforge3/lib/python3.12/site-packages/pyannote/database/protocol/protocol.py:140: UserWarning: Existing precomputed key "annotation" has been modified by a preprocessor.
  warnings.warn(msg.format(key=key))
/ext3/miniforge3/lib/python3.12/site-packages/pyannote/metrics/utils.py:200: UserWarning: 'uem' was approximated by the union of 'reference' and 'hypothesis' extents.
  warnings.warn(
/ext3/miniforge3/lib/python3.12/site-packages/pyannote/database/protocol/protocol.py:140: UserWarning: Existing precomputed key "annotation" has been modified by a preprocessor.
  warnings.warn(msg.format(key=key))
/ext3/miniforge3/lib/python3.12/site-packages/pyannote/metrics/utils.py:200: UserWarning: 'uem' was approximated by the union of 'reference' and 'hypothesis' extents.
  warnings.warn(
/ext3/miniforge3/lib/python3.12/site-packages/pyannote/database/protocol/protocol.py:140: UserWarning: Existing precomputed key "annotation" has been modified by a preprocessor.
  warnings.warn(msg.format(key=key))
/ext3/miniforge3/lib/python3.12/site-packages/pyannote/metrics/utils.py:200: UserWarning: 'uem' was approximated by the union of 'reference' and 'hypothesis' extents.
  warnings.warn(
/ext3/miniforge3/lib/python3.12/site-packages/pyannote/database/protocol/protocol.py:140: UserWarning: Existing precomputed key "annotation" has been modified by a preprocessor.
  warnings.warn(msg.format(key=key))
/ext3/miniforge3/lib/python3.12/site-packages/pyannote/metrics/utils.py:200: UserWarning: 'uem' was approximated by the union of 'reference' and 'hypothesis' extents.
  warnings.warn(
/ext3/miniforge3/lib/python3.12/site-packages/pyannote/database/protocol/protocol.py:140: UserWarning: Existing precomputed key "annotation" has been modified by a preprocessor.
  warnings.warn(msg.format(key=key))
/ext3/miniforge3/lib/python3.12/site-packages/pyannote/metrics/utils.py:200: UserWarning: 'uem' was approximated by the union of 'reference' and 'hypothesis' extents.
  warnings.warn(
/ext3/miniforge3/lib/python3.12/site-packages/pyannote/database/protocol/protocol.py:140: UserWarning: Existing precomputed key "annotation" has been modified by a preprocessor.
  warnings.warn(msg.format(key=key))
/ext3/miniforge3/lib/python3.12/site-packages/pyannote/metrics/utils.py:200: UserWarning: 'uem' was approximated by the union of 'reference' and 'hypothesis' extents.
  warnings.warn(
/ext3/miniforge3/lib/python3.12/site-packages/pyannote/database/protocol/protocol.py:140: UserWarning: Existing precomputed key "annotation" has been modified by a preprocessor.
  warnings.warn(msg.format(key=key))
/ext3/miniforge3/lib/python3.12/site-packages/pyannote/metrics/utils.py:200: UserWarning: 'uem' was approximated by the union of 'reference' and 'hypothesis' extents.
  warnings.warn(
/ext3/miniforge3/lib/python3.12/site-packages/pyannote/database/protocol/protocol.py:140: UserWarning: Existing precomputed key "annotation" has been modified by a preprocessor.
  warnings.warn(msg.format(key=key))
/ext3/miniforge3/lib/python3.12/site-packages/pyannote/metrics/utils.py:200: UserWarning: 'uem' was approximated by the union of 'reference' and 'hypothesis' extents.
  warnings.warn(
/ext3/miniforge3/lib/python3.12/site-packages/pyannote/database/protocol/protocol.py:140: UserWarning: Existing precomputed key "annotation" has been modified by a preprocessor.
  warnings.warn(msg.format(key=key))
/ext3/miniforge3/lib/python3.12/site-packages/pyannote/metrics/utils.py:200: UserWarning: 'uem' was approximated by the union of 'reference' and 'hypothesis' extents.
  warnings.warn(
