'AVA-AVD.SpeakerDiarization.data' found in /scratch/map22-share/pyav/database.yml does not define the 'scope' of speaker labels (file, database, or global). Setting it to 'file'.
'AVA-AVD.SpeakerDiarization.data' found in /scratch/map22-share/pyav/database.new2.yml does not define the 'scope' of speaker labels (file, database, or global). Setting it to 'file'.
1j20qq1JyX4_c_01
1j20qq1JyX4_c_02
1j20qq1JyX4_c_03
2qQs3Y9OJX0_c_01
2qQs3Y9OJX0_c_02
2qQs3Y9OJX0_c_03
4ZpjKfu6Cl8_c_01
4ZpjKfu6Cl8_c_02
4ZpjKfu6Cl8_c_03
5milLu-6bWI_c_01
5milLu-6bWI_c_02
5milLu-6bWI_c_03
7YpF6DntOYw_c_01
7YpF6DntOYw_c_02
7YpF6DntOYw_c_03
BCiuXAuCKAU_c_01
BCiuXAuCKAU_c_02
BCiuXAuCKAU_c_03
HKjR70GCRPE_c_01
HKjR70GCRPE_c_02
HKjR70GCRPE_c_03
IKdBLciu_-A_c_01
IKdBLciu_-A_c_02
IKdBLciu_-A_c_03
KHHgQ_Pe4cI_c_01
KHHgQ_Pe4cI_c_02
KHHgQ_Pe4cI_c_03
PmElx9ZVByw_c_01
PmElx9ZVByw_c_02
PmElx9ZVByw_c_03
a5mEmM6w_ks_c_01
a5mEmM6w_ks_c_02
a5mEmM6w_ks_c_03
kMy-6RtoOVU_c_01
kMy-6RtoOVU_c_02
kMy-6RtoOVU_c_03
qrkff49p4E4_c_01
qrkff49p4E4_c_02
qrkff49p4E4_c_03
zC5Fh2tTS1U_c_01
zC5Fh2tTS1U_c_02
zC5Fh2tTS1U_c_03
zR725veL-DI_c_01
zR725veL-DI_c_02
zR725veL-DI_c_03
IzvOYVMltkI_c_01
IzvOYVMltkI_c_02
IzvOYVMltkI_c_03
UrsCy6qIGoo_c_01
UrsCy6qIGoo_c_02
UrsCy6qIGoo_c_03
yn9WN9lsHRE_c_01
yn9WN9lsHRE_c_02
yn9WN9lsHRE_c_03
                 diarization error rate   total correct correct false alarm false alarm missed detection missed detection confusion confusion
                                      %                       %                       %                                 %                   %
item                                                                                                                                         
1j20qq1JyX4_c_01                  63.20  155.04   72.42   46.71       15.37        9.91            37.05            23.89     45.57     29.39
1j20qq1JyX4_c_02                  75.01  227.80   75.61   33.19       18.69        8.21            58.96            25.88     93.23     40.93
1j20qq1JyX4_c_03                  50.26  197.25  120.88   61.28       22.76       11.54            54.33            27.54     22.04     11.18
2qQs3Y9OJX0_c_01                  67.63   89.25   55.30   61.96       26.41       29.59             2.60             2.91     31.36     35.13
2qQs3Y9OJX0_c_02                  66.60  116.05   64.61   55.67       25.85       22.28             2.16             1.86     49.28     42.46
2qQs3Y9OJX0_c_03                  44.30  147.42  108.67   73.72       26.56       18.02             7.74             5.25     31.00     21.03
4ZpjKfu6Cl8_c_01                  81.31  141.59   52.59   37.14       26.12       18.45            43.63            30.81     45.37     32.04
4ZpjKfu6Cl8_c_02                  58.54  154.91   93.62   60.44       29.40       18.98            13.10             8.45     48.19     31.11
4ZpjKfu6Cl8_c_03                  63.45  112.28   65.09   57.97       24.06       21.42             3.97             3.53     43.22     38.50
5milLu-6bWI_c_01                  37.95  174.40  120.40   69.04       12.17        6.98            23.23            13.32     30.78     17.65
5milLu-6bWI_c_02                  39.57  217.04  150.97   69.56       19.81        9.13            28.28            13.03     37.79     17.41
5milLu-6bWI_c_03                  43.03  221.48  162.43   73.34       36.25       16.37            15.60             7.04     43.45     19.62
7YpF6DntOYw_c_01                  68.13  132.86   54.44   40.98       12.10        9.10            43.97            33.10     34.44     25.93
7YpF6DntOYw_c_02                  64.68   54.11   22.70   41.95        3.59        6.63            11.83            21.86     19.58     36.19
7YpF6DntOYw_c_03                  34.18   66.22   48.20   72.79        4.62        6.97             3.93             5.94     14.09     21.27
BCiuXAuCKAU_c_01                  73.06  206.55   63.47   30.73        7.82        3.79            92.87            44.96     50.21     24.31
BCiuXAuCKAU_c_02                  44.84  154.09  101.36   65.78       16.35       10.61            25.35            16.45     27.38     17.77
BCiuXAuCKAU_c_03                  48.76  207.36  113.57   54.77        7.32        3.53            84.84            40.92      8.94      4.31
HKjR70GCRPE_c_01                  45.98  146.55  106.65   72.77       27.49       18.76             7.95             5.43     31.95     21.80
HKjR70GCRPE_c_02                  56.55  145.09   98.01   67.55       34.96       24.10             8.14             5.61     38.94     26.84
HKjR70GCRPE_c_03                  53.69  165.77   93.98   56.69       17.21       10.38             9.30             5.61     62.49     37.70
IKdBLciu_-A_c_01                  47.91  127.59   87.11   68.28       20.65       16.19             7.57             5.94     32.90     25.79
IKdBLciu_-A_c_02                  79.07   95.70   32.46   33.92       12.43       12.99            30.04            31.39     33.19     34.69
IKdBLciu_-A_c_03                  72.64   98.62   35.53   36.03        8.55        8.67            39.22            39.77     23.87     24.20
KHHgQ_Pe4cI_c_01                  59.17  180.62   82.03   45.42        8.29        4.59            85.96            47.59     12.63      6.99
KHHgQ_Pe4cI_c_02                  69.42  119.55   44.63   37.33        8.07        6.75            45.52            38.08     29.39     24.59
KHHgQ_Pe4cI_c_03                  68.77  156.27   58.91   37.70       10.11        6.47            62.06            39.72     35.30     22.59
PmElx9ZVByw_c_01                  36.49  142.52  108.82   76.35       18.30       12.84            10.67             7.49     23.03     16.16
PmElx9ZVByw_c_02                  12.24  147.21  134.99   91.70        5.80        3.94            10.94             7.43      1.28      0.87
PmElx9ZVByw_c_03                  28.71  120.00   92.77   77.31        7.22        6.02             9.26             7.72     17.96     14.97
a5mEmM6w_ks_c_01                  28.64  235.72  191.79   81.36       23.56       10.00            15.20             6.45     28.73     12.19
a5mEmM6w_ks_c_02                  20.44  185.79  164.19   88.37       16.38        8.81             4.90             2.64     16.70      8.99
a5mEmM6w_ks_c_03                  24.31  130.15  109.19   83.90       10.67        8.20             8.42             6.47     12.54      9.63
kMy-6RtoOVU_c_01                  65.58  185.76   80.99   43.60       17.05        9.18            48.99            26.37     55.78     30.03
kMy-6RtoOVU_c_02                  64.36  121.56   74.76   61.50       31.43       25.86            16.14            13.28     30.66     25.22
kMy-6RtoOVU_c_03                  79.52  111.44   44.16   39.63       21.34       19.15            14.42            12.94     52.86     47.43
qrkff49p4E4_c_01                  24.20  147.35  116.11   78.80        4.42        3.00            15.28            10.37     15.96     10.83
qrkff49p4E4_c_02                  11.01  139.37  129.75   93.09        5.72        4.10             8.18             5.87      1.44      1.04
qrkff49p4E4_c_03                  24.58  160.16  130.68   81.59        9.89        6.18            11.92             7.44     17.57     10.97
zC5Fh2tTS1U_c_01                  44.52  193.37  131.00   67.75       23.72       12.27            22.48            11.62     39.89     20.63
zC5Fh2tTS1U_c_02                  68.06  172.53   83.96   48.67       28.85       16.72            17.64            10.23     70.92     41.11
zC5Fh2tTS1U_c_03                  70.83  240.11  105.64   44.00       35.60       14.82            65.11            27.12     69.36     28.89
zR725veL-DI_c_01                  28.44  190.04  146.41   77.04       10.41        5.48            29.07            15.30     14.56      7.66
zR725veL-DI_c_02                  28.68  215.42  167.65   77.83       14.02        6.51            29.61            13.74     18.16      8.43
zR725veL-DI_c_03                  32.17  199.67  147.95   74.10       12.51        6.27            32.66            16.36     19.06      9.54
IzvOYVMltkI_c_01                  29.29  156.70  126.51   80.73       15.71       10.02             7.72             4.93     22.47     14.34
IzvOYVMltkI_c_02                  55.49  191.13  113.64   59.46       28.57       14.95            10.18             5.32     67.31     35.22
IzvOYVMltkI_c_03                  28.36  172.51  153.15   88.78       29.56       17.14             2.71             1.57     16.65      9.65
UrsCy6qIGoo_c_01                  27.91  122.68   94.61   77.12        6.17        5.03             7.90             6.44     20.16     16.44
UrsCy6qIGoo_c_02                  50.99  125.05   69.84   55.85        8.55        6.84             9.78             7.82     45.44     36.34
UrsCy6qIGoo_c_03                  37.63  197.15  132.87   67.39        9.90        5.02            11.55             5.86     52.73     26.74
yn9WN9lsHRE_c_01                  42.14  188.09  122.96   65.37       14.13        7.51            30.68            16.31     34.45     18.31
yn9WN9lsHRE_c_02                  43.70  156.16   95.40   61.09        7.48        4.79            52.63            33.70      8.14      5.21
yn9WN9lsHRE_c_03                  58.53  196.36  103.34   52.63       21.90       11.16            19.31             9.83     73.71     37.54
TOTAL                             48.14 8555.43 5358.76   62.64      921.91       10.78          1372.56            16.04   1824.11     21.32
'AVA-AVD.SpeakerDiarization.data' found in /scratch/map22-share/pyav/database.yml does not define the 'scope' of speaker labels (file, database, or global). Setting it to 'file'.
'AVA-AVD.SpeakerDiarization.data' found in /scratch/map22-share/pyav/database.new2.yml does not define the 'scope' of speaker labels (file, database, or global). Setting it to 'file'.
***************ORIGINAL MODEL****************
***************MODIFIED MODEL****************
Protocol AVA-AVD.SpeakerDiarization.data does not precompute the output of torchaudio.info(): adding a 'torchaudio.info' preprocessor for you to speed up dataloaders. See pyannote.database documentation on how to do that yourself.
┏━━━┳━━━━━━━━━━━━━━━━━━━┳━━━━━━━━━━━━┳━━━━━━━━┳━━━━━━━┳━━━━━━━━━━━━┳━━━━━━━━━━━┓
┃   ┃ Name              ┃ Type       ┃ Params ┃ Mode  ┃   In sizes ┃ Out sizes ┃
┡━━━╇━━━━━━━━━━━━━━━━━━━╇━━━━━━━━━━━━╇━━━━━━━━╇━━━━━━━╇━━━━━━━━━━━━╇━━━━━━━━━━━┩
│ 0 │ sincnet           │ SincNet    │ 42.6 K │ train │     [1, 1, │   [1, 60, │
│   │                   │            │        │       │    160000] │      589] │
│ 1 │ lstm              │ LSTM       │  1.4 M │ train │   [1, 589, │ [[1, 589, │
│   │                   │            │        │       │        60] │     256], │
│   │                   │            │        │       │            │   [[8, 1, │
│   │                   │            │        │       │            │ 128], [8, │
│   │                   │            │        │       │            │ 1, 128]]] │
│ 2 │ linear            │ ModuleList │ 49.4 K │ train │          ? │         ? │
│ 3 │ classifier        │ Linear     │    903 │ train │   [1, 589, │  [1, 589, │
│   │                   │            │        │       │       128] │        7] │
│ 4 │ activation        │ LogSoftmax │      0 │ train │   [1, 589, │  [1, 589, │
│   │                   │            │        │       │         7] │        7] │
│ 5 │ second_input      │ Sequential │ 26.8 K │ train │   [1, 300, │  [1, 300, │
│   │                   │            │        │       │       384] │       60] │
│ 6 │ merge             │ Sequential │  7.3 K │ train │   [1, 589, │  [1, 589, │
│   │                   │            │        │       │       120] │       60] │
│ 7 │ powerset          │ Powerset   │      0 │ train │          ? │         ? │
│ 8 │ validation_metric │ MetricCol… │      0 │ train │          ? │         ? │
└───┴───────────────────┴────────────┴────────┴───────┴────────────┴───────────┘
Trainable params: 1.5 M                                                         
Non-trainable params: 0                                                         
Total params: 1.5 M                                                             
Total estimated model params size (MB): 6                                       
Modules in train mode: 35                                                       
Modules in eval mode: 0                                                         
Epoch 21/49 ━━━━━━━━━━━━━━━━ 218/218 0:01:19 •        3.91it/s v_num: maie      
                                     0:00:00                   DiarizationError…
                                                               0.375            
                                                               DiarizationError…
                                                               0.091            
                                                               DiarizationError…
                                                               0.090            
                                                               DiarizationError…
                                                               0.195            
1j20qq1JyX4_c_01
1j20qq1JyX4_c_02
1j20qq1JyX4_c_03
2qQs3Y9OJX0_c_01
2qQs3Y9OJX0_c_02
2qQs3Y9OJX0_c_03
4ZpjKfu6Cl8_c_01
4ZpjKfu6Cl8_c_02
4ZpjKfu6Cl8_c_03
5milLu-6bWI_c_01
5milLu-6bWI_c_02
5milLu-6bWI_c_03
7YpF6DntOYw_c_01
7YpF6DntOYw_c_02
7YpF6DntOYw_c_03
BCiuXAuCKAU_c_01
BCiuXAuCKAU_c_02
BCiuXAuCKAU_c_03
HKjR70GCRPE_c_01
HKjR70GCRPE_c_02
HKjR70GCRPE_c_03
IKdBLciu_-A_c_01
IKdBLciu_-A_c_02
IKdBLciu_-A_c_03
KHHgQ_Pe4cI_c_01
KHHgQ_Pe4cI_c_02
KHHgQ_Pe4cI_c_03
PmElx9ZVByw_c_01
PmElx9ZVByw_c_02
PmElx9ZVByw_c_03
a5mEmM6w_ks_c_01
a5mEmM6w_ks_c_02
a5mEmM6w_ks_c_03
kMy-6RtoOVU_c_01
kMy-6RtoOVU_c_02
kMy-6RtoOVU_c_03
qrkff49p4E4_c_01
qrkff49p4E4_c_02
qrkff49p4E4_c_03
zC5Fh2tTS1U_c_01
zC5Fh2tTS1U_c_02
zC5Fh2tTS1U_c_03
zR725veL-DI_c_01
zR725veL-DI_c_02
zR725veL-DI_c_03
IzvOYVMltkI_c_01
IzvOYVMltkI_c_02
IzvOYVMltkI_c_03
UrsCy6qIGoo_c_01
UrsCy6qIGoo_c_02
UrsCy6qIGoo_c_03
yn9WN9lsHRE_c_01
yn9WN9lsHRE_c_02
yn9WN9lsHRE_c_03
                 diarization error rate   total correct correct false alarm false alarm missed detection missed detection confusion confusion
                                      %                       %                       %                                 %                   %
item                                                                                                                                         
1j20qq1JyX4_c_01                  57.44  155.04   77.52   50.00       11.53        7.44            38.73            24.98     38.80     25.02
1j20qq1JyX4_c_02                  71.22  227.80   79.43   34.87       13.88        6.09            60.95            26.76     87.42     38.38
1j20qq1JyX4_c_03                  50.11  197.25  115.69   58.65       17.28        8.76            55.38            28.08     26.18     13.27
2qQs3Y9OJX0_c_01                  76.83   89.25   40.19   45.03       19.51       21.86             3.70             4.14     45.36     50.83
2qQs3Y9OJX0_c_02                  60.85  116.05   64.08   55.22       18.65       16.07             3.46             2.98     48.51     41.80
2qQs3Y9OJX0_c_03                  36.23  147.42  116.07   78.74       22.06       14.97             6.92             4.70     24.42     16.57
4ZpjKfu6Cl8_c_01                  72.42  141.59   53.46   37.76       14.41       10.18            50.41            35.61     37.71     26.64
4ZpjKfu6Cl8_c_02                  55.94  154.91   89.38   57.70       21.12       13.64            17.96            11.60     47.57     30.71
4ZpjKfu6Cl8_c_03                  58.00  112.28   65.95   58.74       18.79       16.74             4.37             3.89     41.95     37.36
5milLu-6bWI_c_01                  33.83  174.40  119.48   68.51        4.09        2.34            33.92            19.45     21.00     12.04
5milLu-6bWI_c_02                  36.13  217.04  147.66   68.03        9.04        4.16            30.89            14.23     38.49     17.74
5milLu-6bWI_c_03                  38.02  221.48  156.52   70.67       19.26        8.69            18.91             8.54     46.04     20.79
7YpF6DntOYw_c_01                  68.41  132.86   52.41   39.45       10.44        7.85            42.26            31.81     38.19     28.74
7YpF6DntOYw_c_02                  59.63   54.11   25.31   46.79        3.47        6.42            10.36            19.15     18.43     34.07
7YpF6DntOYw_c_03                  29.82   66.22   50.15   75.73        3.68        5.56             4.36             6.59     11.71     17.68
BCiuXAuCKAU_c_01                  74.71  206.55   58.80   28.47        6.57        3.18           100.68            48.74     47.07     22.79
BCiuXAuCKAU_c_02                  37.94  154.09  104.65   67.92        9.03        5.86            27.24            17.68     22.19     14.40
BCiuXAuCKAU_c_03                  59.89  207.36   89.11   42.97        5.94        2.86            86.75            41.83     31.50     15.19
HKjR70GCRPE_c_01                  36.47  146.55  107.83   73.58       14.73       10.05            10.89             7.43     27.83     18.99
HKjR70GCRPE_c_02                  51.02  145.09   85.00   58.59       13.94        9.60            13.49             9.30     46.59     32.11
HKjR70GCRPE_c_03                  53.39  165.77   89.18   53.80       11.91        7.19             9.73             5.87     66.87     40.34
IKdBLciu_-A_c_01                  40.58  127.59   84.33   66.10        8.51        6.67             9.14             7.16     34.12     26.74
IKdBLciu_-A_c_02                  84.51   95.70   23.01   24.05        8.20        8.56            32.24            33.69     40.44     42.26
IKdBLciu_-A_c_03                  75.72   98.62   32.04   32.49        8.09        8.20            37.67            38.20     28.91     29.31
KHHgQ_Pe4cI_c_01                  55.22  180.62   86.06   47.65        5.18        2.87            87.38            48.38      7.17      3.97
KHHgQ_Pe4cI_c_02                  66.67  119.55   45.32   37.91        5.48        4.58            47.35            39.60     26.88     22.48
KHHgQ_Pe4cI_c_03                  66.30  156.27   60.87   38.95        8.21        5.25            59.89            38.32     35.51     22.72
PmElx9ZVByw_c_01                  31.60  142.52  105.74   74.19        8.25        5.79            15.00            10.52     21.78     15.29
PmElx9ZVByw_c_02                  12.17  147.21  135.43   92.00        6.13        4.16            10.51             7.14      1.27      0.87
PmElx9ZVByw_c_03                  20.75  120.00  100.82   84.02        5.72        4.77            10.24             8.54      8.94      7.45
a5mEmM6w_ks_c_01                  23.09  235.72  191.78   81.36       10.48        4.45            21.14             8.97     22.80      9.67
a5mEmM6w_ks_c_02                  19.50  185.79  159.49   85.84        9.92        5.34             6.24             3.36     20.06     10.80
a5mEmM6w_ks_c_03                  21.85  130.15  107.62   82.69        5.91        4.54             9.51             7.31     13.01     10.00
kMy-6RtoOVU_c_01                  49.16  185.76  105.91   57.01       11.48        6.18            52.18            28.09     27.67     14.90
kMy-6RtoOVU_c_02                  66.31  121.56   61.71   50.76       20.75       17.07            18.59            15.29     41.27     33.95
kMy-6RtoOVU_c_03                  58.71  111.44   62.83   56.38       16.82       15.09            13.23            11.87     35.39     31.75
qrkff49p4E4_c_01                  24.56  147.35  115.53   78.41        4.37        2.97            16.43            11.15     15.39     10.44
qrkff49p4E4_c_02                  11.32  139.37  128.83   92.43        5.22        3.75             9.31             6.68      1.24      0.89
qrkff49p4E4_c_03                  24.36  160.16  129.08   80.59        7.93        4.95            13.23             8.26     17.86     11.15
zC5Fh2tTS1U_c_01                  44.05  193.37  125.46   64.88       17.26        8.92            26.07            13.48     41.85     21.64
zC5Fh2tTS1U_c_02                  70.55  172.53   67.21   38.96       16.41        9.51            20.86            12.09     84.46     48.96
zC5Fh2tTS1U_c_03                  66.98  240.11  100.96   42.05       21.68        9.03            81.36            33.89     57.78     24.07
zR725veL-DI_c_01                  23.70  190.04  150.36   79.12        5.35        2.82            32.48            17.09      7.20      3.79
zR725veL-DI_c_02                  28.16  215.42  162.24   75.31        7.48        3.47            33.07            15.35     20.11      9.33
zR725veL-DI_c_03                  29.30  199.67  148.00   74.12        6.84        3.43            33.07            16.56     18.60      9.31
IzvOYVMltkI_c_01                  24.72  156.70  128.10   81.75       10.13        6.47             9.95             6.35     18.65     11.90
IzvOYVMltkI_c_02                  53.06  191.13  115.44   60.40       25.72       13.46             9.72             5.09     65.97     34.52
IzvOYVMltkI_c_03                  29.74  172.51  136.40   79.07       15.19        8.81             4.93             2.86     31.18     18.08
UrsCy6qIGoo_c_01                  25.75  122.68   95.76   78.06        4.67        3.81             8.60             7.01     18.32     14.93
UrsCy6qIGoo_c_02                  55.65  125.05   62.61   50.07        7.15        5.71            10.68             8.54     51.76     41.39
UrsCy6qIGoo_c_03                  35.15  197.15  135.20   68.58        7.36        3.73            12.47             6.32     49.48     25.10
yn9WN9lsHRE_c_01                  44.20  188.09  113.25   60.21        8.29        4.41            35.60            18.93     39.24     20.86
yn9WN9lsHRE_c_02                  53.90  156.16   77.48   49.61        5.49        3.52            54.67            35.01     24.02     15.38
yn9WN9lsHRE_c_03                  67.58  196.36   77.08   39.26       13.41        6.83            23.05            11.74     96.23     49.00
TOTAL                             45.98 8555.43 5219.83   61.01      598.40        6.99          1497.20            17.50   1838.41     21.49
[1;34mwandb[0m: 🚀 View run [33mdihard_50e_lr1em4_2[0m at: [34mhttps://wandb.ai/pichenygroup/audioonly2/runs/gxhimaie[0m
[1;34mwandb[0m: Find logs at: [1;35mexperiments/wandb/run-20251006_090320-gxhimaie/logs[0m
